40 0 33 167 296 221 65 216 179 234 36 116 180 54 168 34 108 85 41 275 87 164 99 184 249 110 75 212 103 72 7 80 88 8 4 294 162 134 159 148 286
44 161 203 299 259 260 246 133 210 62 276 24 127 220 13 92 136 58 95 15 137 227 290 150 193 273 218 225 285 56 107 144 74 105 187 18 171 38 125 156 263 261 200 63 60
39 44 198 19 57 267 213 129 79 245 226 21 113 91 232 224 96 281 188 39 166 53 32 230 174 277 128 214 282 29 284 102 28 172 244 40 241 146 204 121
40 217 185 222 64 122 82 239 202 68 271 14 50 254 295 157 111 26 158 268 236 207 86 243 11 3 170 253 258 27 209 191 61 160 89 177 163 117 298 73 197
43 109 195 23 237 22 114 140 48 6 190 147 269 76 42 90 283 10 101 131 70 25 93 235 201 81 119 5 83 287 138 205 118 98 16 139 219 124 45 248 35 112 199 291
38 196 181 265 20 255 31 238 292 223 266 106 242 78 51 250 289 264 12 55 115 59 155 152 141 182 67 145 104 280 192 43 142 228 71 176 297 252 126
45 154 100 66 288 215 30 17 120 256 262 206 279 251 272 97 186 233 47 143 231 229 37 240 270 94 1 194 135 293 69 46 178 123 189 208 278 153 173 84 49 52 77 9 211 151
11 149 132 257 274 247 169 2 165 130 183 175
0
0
0
0
0
0
0
0
0
0
0
0
0
0
0
0
0
0
0
0
0
0
0
0
0
0
0
0
0
0
0
0
0
0
0
0
0
0
0
0
0
0
0
0
0
0
0
0
0
0
0
0
0
0
0
0
0
0
0
0
0
0
0
0
0
0
0
0
0
0
0
0
0
0
0
0
0
0
0
0
0
0
0
0
0
0
0
0
0
0
0
0
