6 2735 1973 9044 8680 835 3791
14 1209 9255 6069 8940 7534 3657 5526 7724 1820 6190 9471 3637 0 9569
35 6466 6877 5516 9795 9116 5453 7448 7643 9028 3305 1248 7680 5247 3267 4487 7807 4547 3748 8669 8822 5589 7675 5363 5618 7780 2363 2723 9206 1354 7427 3671 6627 8043 8374 6288
19 5018 6377 7940 3361 2371 45 5987 3153 5509 7181 6796 3744 9007 1303 5731 6685 9383 8226 6603
29 9313 1276 6186 8093 4101 241 7239 8257 1292 7998 2034 8960 8212 518 5104 8750 663 4464 3756 9233 870 2214 4500 1238 8053 6440 3252 6348 2691
31 2519 7188 726 1904 3475 6966 5766 7777 1738 8990 949 8014 3466 7857 8760 3285 1911 5473 4038 3593 3625 243 3438 9957 43 2832 2763 9445 4169 1708 1344
25 4525 9920 1111 7759 9134 159 4636 4163 9881 5256 1922 1670 2022 7332 5671 4600 1280 8454 1202 6941 1095 1966 4446 5280 5253
23 88 8262 6304 720 5212 3680 908 5632 9299 7147 8753 5013 8818 2962 9875 1848 1825 8398 5148 8948 2847 2449 4750
12 7109 7933 3846 4378 3182 4264 5651 8993 7101 6995 5968 3207
12 2465 1024 7102 5779 1381 2037 7974 6620 4674 3827 5127 2169
33 4309 7927 1843 7382 5650 8273 6618 8485 1896 7794 1271 9106 9592 6203 490 1308 1720 6785 8673 3299 5357 1057 996 1606 331 2047 5761 5542 1766 3996 5781 2709 6644
23 5970 8557 8832 7876 9289 9273 4724 711 4247 6677 6868 202 6939 5715 7506 4333 5469 1336 8707 6445 1147 8404 1642
27 4839 3990 4502 9613 66 177 2377 7466 1302 1785 174 9848 8905 6309 158 336 1156 1542 1366 966 5162 1077 7350 9876 4683 8120 5629
5 719 208 1774 9287 6668
13 6031 5557 7972 9708 8685 8223 6291 6148 3238 6080 4332 737 3569
41 187 3317 1223 4703 6710 9018 572 4605 64 1864 2270 9526 7339 1096 7490 4608 4747 4217 2231 4382 186 5421 4621 3379 3374 2678 8592 2803 2050 3206 6355 7204 8441 4968 2170 3520 8385 6052 1573 5029 8789
21 1066 8484 4546 9246 965 780 2212 7630 1224 1423 4118 7031 5331 8497 5965 3240 5467 4509 2310 197 2669
5 9504 9593 51 4604 9354
12 2581 7164 858 1971 750 367 9373 7423 2815 3533 9146 9176
25 5335 8630 5890 5663 3795 6340 4403 7642 6283 7629 7569 9073 7122 9718 3217 6918 7185 2066 62 995 5669 4977 432 1701 6260
7 8175 5858 6053 3614 5250 1000 1582
29 1560 4475 5358 5034 4980 9769 1723 5539 9832 7162 7282 2011 2072 3258 1930 8659 7414 2104 4358 639 366 7298 6583 884 3702 1586 8594 231 3528
35 3580 2589 7867 6446 8187 2781 921 4441 3909 5933 3710 9229 6462 9292 6436 8166 6105 3763 6020 6530 5106 6628 4740 5181 9663 346 8032 3179 5935 3995 4077 3819 926 1602 8870
16 9256 5352 3584 1638 8450 3121 4060 3902 958 242 4712 8294 4736 891 9860 6494
23 6252 5782 3233 1920 855 2254 6636 760 1632 160 6660 6568 2801 6553 1091 7450 4174 5845 9210 5817 6151 6405 1020
27 7965 3540 9503 6771 9419 3038 645 4099 2505 8506 8373 1715 2154 2859 7879 9480 7352 6600 7280 5549 3063 5264 4261 5688 8538 7235 4374
21 2432 4586 9452 332 6729 7191 876 5514 2612 2557 7806 1800 8553 363 6419 3882 8924 1225 8867 5296 6
10 1178 2673 2137 5999 9029 103 1342 9442 7581 5813
22 6002 8021 9944 2605 448 506 376 4344 1211 8869 7081 1429 4866 3862 9226 4062 5372 310 2486 1940 5415 8069
16 8773 5134 7056 5392 564 6688 2529 145 1149 5044 4886 2421 7001 4790 343 8217
25 8292 5359 1267 5054 7386 6346 7555 9639 3044 2052 1448 3645 7009 1387 5484 8247 875 9423 2389 2012 4155 632 478 8730 2516
17 7475 5227 7406 533 7710 6814 8742 5952 2362 2053 2913 8391 5977 8770 6748 9517 3021
23 2920 2791 2422 4109 9012 150 2036 1102 4555 9858 2924 6081 7562 4206 5219 6885 7422 4019 4167 2758 3246 4013 8154
32 4094 1512 442 6984 7152 2706 8058 9729 5481 6571 6064 4964 728 1042 1964 731 5220 4076 2485 3004 3018 340 6531 9310 1927 6236 1144 1645 762 1341 3458 1378
16 3629 3384 6951 5777 8856 3936 3534 1925 5648 4576 9662 2744 2379 7739 7432 3631
22 677 1228 5393 6239 4733 4585 6261 4986 3949 81 1716 1504 2893 1844 8077 4633 7885 3898 7026 6676 9831 5672
28 6670 9046 9830 2497 7380 415 7761 715 2174 2206 7045 3450 9659 4330 5472 8872 1501 5587 6778 7552 414 4521 1463 9086 227 1769 6753 4476
24 1757 5491 4717 4971 3065 916 4316 7944 5320 3700 8812 1119 5103 9728 5229 4229 9772 5096 4908 9668 3641 3042 327 2225
39 5440 2828 8376 4833 8382 9382 665 5627 7922 5036 9842 3513 4696 7274 1947 9303 2359 3877 8576 6798 7179 1136 8335 5796 3599 2895 2183 5355 8041 9856 5223 4707 4574 9257 8411 7057 8106 6931 9638
21 2571 5727 3575 2975 3821 2717 1422 9157 2078 8705 1027 8050 5450 5489 2764 937 2683 9123 5436 59 1418
8 7270 2128 5097 7195 1316 5827 8047 8913
38 1900 7435 1030 9815 267 2653 2044 9062 6163 8686 2054 7370 8023 1603 7866 4248 4533 4106 9671 6513 7914 8628 6129 4262 4362 2127 4304 2824 7225 5800 3084 8579 7044 4728 5623 4339 4069 5665
32 3607 6327 2999 3169 5382 5221 6838 5201 6059 5379 7507 6522 5482 7521 1749 139 5590 7439 8172 7851 3953 7775 446 8036 5129 1552 1617 6368 9189 2100 6559 4846
20 9913 867 6743 3186 4440 1499 9917 5689 6714 9193 7397 6590 2274 4560 5789 577 2542 5802 4818 6795
12 5497 6139 3160 1142 4629 39 7075 589 5468 3634 5067 3923
15 4078 8736 9011 9634 5107 3993 1886 9564 4744 6850 1159 5463 6461 6465 7766
40 8310 1605 1013 4194 4080 2132 5674 704 6956 8737 3434 6197 4496 8799 1688 6240 7626 232 2994 9250 6008 8729 5681 8810 5257 3943 5152 6284 6992 8751 5924 6673 2349 6153 6614 5239 4649 4909 5230 7115
32 549 9804 9158 5193 7778 4937 355 1771 3606 6488 7132 1031 5117 1266 6325 8197 8438 1068 7371 2282 5164 8065 192 2347 915 8240 9986 5839 4905 3780 9940 4320
37 4008 2942 8277 3557 4205 3759 1700 6367 9701 1069 8843 5329 8134 2601 5210 8741 2452 6926 1767 4682 8074 7402 8242 5548 4280 6509 5490 2499 2038 6687 9032 5231 2705 4721 9999 9451 5891
19 7005 661 9485 3565 9130 6762 8968 1519 2101 8457 4991 4757 9840 9280 6070 1570 7289 2618 8054
26 303 7082 3291 2184 4825 8601 7999 3359 2348 1806 5416 7923 2868 3485 3118 2146 8712 8276 7484 1726 6317 8877 9371 9024 5376 8543
43 1335 1794 200 5748 3411 2167 8795 4595 2954 8486 2164 7145 4564 9838 2607 8826 3463 5042 5262 4093 7819 6858 859 1340 9212 7137 5217 1671 5136 5496 4708 9791 9500 6100 861 8132 7859 6631 13 1377 6789 1055 6479
10 7013 8605 9732 1153 4284 4556 1118 9764 3279 1929
39 9976 8254 3921 1634 85 9381 2314 425 5076 9980 2246 4074 93 6234 4198 9237 7531 4663 2903 9683 4036 4936 1763 3517 9893 2475 8639 8880 4534 8295 8834 1802 1809 8371 8429 9717 3107 5790 3825
29 9752 6450 951 9345 5228 3958 5409 4872 9222 7301 9496 4871 9238 4072 5133 5073 4009 122 2762 3101 1116 3568 449 4565 4322 1167 7622 773 8397
23 1315 9405 5332 4965 8291 4906 744 4715 6543 3336 6525 8241 6162 7590 1821 5321 9338 911 1619 5596 5055 3335 6518
20 9707 696 6875 9297 7874 5719 1627 2741 8882 380 3609 8510 1799 1008 9882 1466 5289 4667 8253 5513
23 5299 3294 2782 4202 8071 800 8744 404 6040 3243 6761 5075 4896 5242 7136 7814 5150 7702 3781 3500 1254 8847 4243
37 6783 3311 3334 164 3818 7256 9647 5951 2884 4699 3247 584 3752 8926 7647 9421 5364 7790 3828 8381 217 6219 7160 2162 6072 673 6957 5493 8663 5814 7959 4769 3180 9494 5361 8375 8414
24 672 3708 4944 1953 214 9335 8763 2876 1388 8201 9053 6506 9041 165 7324 7821 1899 5209 7008 7183 5661 796 1823 4799
25 9847 9649 409 2382 922 4643 1676 1459 1431 2737 3714 594 5597 9049 6980 36 7850 1279 1482 1938 6035 7391 7042 4348 9304
24 6822 6150 6012 9100 2394 9964 2702 2541 1988 7175 7449 2085 7060 3649 9578 8206 9443 9590 1893 8251 7303 5458 9915 3969
36 7463 1090 7314 1755 8529 4119 388 3905 6775 3556 543 1029 3123 3241 5308 467 6552 7217 8010 1622 4831 9653 6704 3158 9895 9903 7157 1795 7705 7214 5833 3304 4695 325 3589 9573
21 6689 8213 7156 5744 8449 2455 975 802 4410 4411 7610 9664 2617 9108 3171 8474 6499 5272 8488 831 5293
21 3696 4147 3747 6776 1026 6811 6802 6299 8852 8392 8914 3209 6259 1021 2877 6019 3378 8897 2238 4911 9916
32 7657 9109 1046 8595 7988 8038 387 1924 4690 5092 6495 7781 970 4369 9194 7802 5747 7486 2871 335 9047 5997 8677 885 5797 2070 2879 7413 2113 6434 9811 7393
36 4377 9544 3017 4666 2181 7208 6809 9364 1062 8996 8815 4651 9758 4518 3416 6171 2129 809 1690 7076 3397 7741 6249 2555 591 505 2860 2932 8315 3890 2692 9703 8861 6914 7436 9796
37 6412 3409 3989 7580 1500 3972 7232 6182 3732 3194 3181 4328 7984 4653 9911 2766 3509 7267 1123 8307 2633 1914 7351 6829 9651 9929 2447 471 3337 7030 6254 2427 8985 4751 8716 9660 7458
23 2135 6669 4807 1863 6305 422 3482 4415 5564 4559 1255 6810 9583 4549 5309 6556 9080 2197 4025 1666 8668 7632 5953
29 2949 8434 5566 3783 4914 141 2675 7903 9844 7793 319 2228 7865 9321 5314 5385 9571 742 5877 8971 2971 6791 5759 6632 6577 8634 3357 3367 5616
23 5137 1245 2909 4263 7620 5664 4489 2854 9727 7735 812 4468 5007 7201 1554 5022 1764 7518 8114 6725 9336 948 9097
7 8878 1443 8661 1534 732 2939 6109
44 1543 4706 9306 209 856 7665 9177 8560 514 8617 883 4773 3570 5559 3977 8935 6339 4919 3674 877 53 4739 8336 9111 8280 8181 3684 6555 6497 1916 4755 5126 5328 7159 7257 5037 4391 4161 8341 4996 3522 4883 6994 1150
27 6403 3338 9908 3501 6625 8067 4805 77 1597 7177 3660 3331 7619 5963 3076 1906 9591 5330 4023 4239 3954 5236 879 1060 4286 2926 5697
14 3156 9137 8073 6547 4409 2660 1999 4967 1419 6534 8838 685 2441 7173
32 9393 6457 3976 1955 7683 1729 9135 7636 8378 8719 724 3437 4234 6282 6464 1434 5327 571 7828 1928 8577 6889 2491 1278 1288 9446 3172 8363 9938 1019 1510 3619
29 1515 8586 6804 5535 1200 7312 4376 1601 9872 6078 2355 6374 9019 4365 6224 3788 9959 9437 1732 3852 9178 8702 2734 5926 7863 2786 1826 2922 2544
22 1992 4233 212 4115 1529 1539 9630 2311 1535 8170 2752 2124 5365 1244 6017 1437 5773 5316 2836 5446 1472 675
27 7928 627 6741 9349 4449 8817 8141 4512 8076 3013 3525 5483 5149 5118 5505 4271 6781 2929 2775 2503 49 6421 7905 2843 1473 2280 1652
41 4435 3176 6711 3375 7494 1474 3418 4497 3675 4776 3146 8638 6386 3498 1981 9934 3356 3470 7024 9403 1289 9594 8439 5336 4748 1687 6759 8472 7992 1694 1379 3698 204 6496 9390 7950 5735 6045 9277 7899 2597
17 3090 7319 5920 2663 9429 8403 1182 1081 2395 5160 7604 4397 3507 6181 5317 6527 7634
28 7429 5213 9691 8573 9254 9951 9512 5069 1239 2406 7275 6319 9479 8431 3201 1753 1682 9489 6154 6878 4598 6766 5197 6468 1128 6986 1751 5455
26 2009 658 4693 8902 1201 6454 9341 3102 1246 3292 8889 5035 2419 2616 1249 7623 8483 9777 8762 7530 8096 108 2833 2679 298 7527
28 8640 9864 5815 2043 7334 9160 4701 9534 2437 1345 4388 7321 6205 2087 6117 6289 4210 8215 1975 931 1174 6732 3350 7544 6701 2628 3298 8606
34 3869 7000 6749 1491 3112 4372 2105 6213 1109 4327 2275 9812 2515 4353 5998 8109 275 947 3550 889 6281 8524 2956 2644 8061 1750 528 3000 5128 7333 4524 9883 7482 6521
12 3253 7224 5626 8042 5091 3300 1481 2145 2133 6569 4311 4987
30 474 8302 3029 9926 9680 4250 7668 9410 2831 2187 2640 9655 2810 7037 1197 2374 4456 6642 3216 1283 2213 2308 7966 6124 4373 3668 1205 418 5281 7951
26 5868 2973 2992 6856 3036 5799 2696 7135 1143 6548 1035 2545 6528 6827 3598 3927 2701 1397 7774 1216 8124 1728 7489 3571 3719 3723
33 3055 5218 5554 5214 3991 3739 2119 4227 8827 4244 8691 280 2513 9001 9998 8692 3213 2159 537 8129 2950 2068 5728 2294 5522 8427 5132 2672 2487 8570 3911 1018 7733
26 837 6884 1260 3840 8445 5660 3532 4819 2977 8793 6581 2084 9395 9372 4439 8643 1413 9098 4005 9689 1683 2767 3718 811 6507 5723
34 423 6752 4154 507 6399 2075 8500 7508 8562 1264 8293 1756 9225 6863 473 9091 155 9295 6675 7656 4900 71 8733 9332 2707 5691 8267 9873 1059 7938 371 3113 1699 1293
33 84 2106 4836 881 7697 5064 7659 3474 7006 5026 2935 9498 6262 1629 4218 9447 3844 7995 2378 6666 2454 3096 6295 2638 3728 2223 5613 5673 1231 5949 4079 18 7375
37 3442 8792 8991 8128 5495 6313 4331 6279 9228 2192 1831 6391 320 5083 5061 1714 9939 149 5558 5675 7385 4152 7616 3908 5339 5585 2222 1401 5397 9415 2168 5775 3899 4283 4530 3028 5020
24 1097 4885 5112 5721 9579 1644 7078 9644 793 3753 6447 5704 4947 8361 2632 600 5754 7854 3431 9173 3177 4943 7621 8019
24 7956 8425 9473 7768 8554 3220 2751 6793 7860 3551 5705 3061 7212 7480 681 1347 6408 3162 5822 2865 8893 5563 4220 5063
18 2695 6794 2495 2651 6601 552 595 5405 7503 3735 3694 8883 2621 7796 4219 1513 6517 7376
27 1305 9282 4246 1550 2686 1845 2613 2126 3524 2969 8505 550 7900 4654 6713 8650 1383 6862 7130 8863 8283 8060 9740 3297 8622 1931 2273
18 48 3197 6740 1908 9190 6652 5584 4713 178 659 3086 9767 7982 787 7838 3344 923 1129
35 4742 4428 1530 9806 326 35 4035 1324 5088 8300 6344 138 7931 1598 6157 4012 3222 4237 4567 3455 4925 6372 3519 9839 3884 237 4680 4577 5337 1219 3003 8380 5937 1939 3880
38 9619 3245 1773 1970 2787 6034 9576 7595 5803 3867 2107 2989 9823 4111 3722 2614 3137 7615 1854 5157 1885 815 7500 7855 1856 2553 3713 4719 2317 2202 7421 3309 4922 1517 73 488 8581 6152
33 1273 3104 511 3502 2732 2661 1511 2602 6098 1643 7207 1532 6562 5155 3269 3776 4988 7007 1516 6486 7454 5763 1165 1965 6561 609 2858 9253 3407 9891 705 7600 447
40 4601 2523 2881 7698 8768 8188 5576 993 6082 5847 516 8229 4561 4453 3610 2063 6983 8958 8565 5793 2242 7447 4026 4847 2367 7815 3810 345 3464 4010 9432 4519 5435 58 4257 4126 5874 7537 5865 8618
27 6263 477 7553 8203 8440 5602 2180 633 1256 674 4879 4895 2885 3505 8148 9143 6463 9293 6586 7053 1334 9787 9609 6533 4018 5046 224
13 2356 7372 435 4658 3802 1441 1553 6672 5903 2911 6433 2845 8022
11 9003 9852 9556 5182 7434 5371 5040 4258 7760 8418 7460
22 2015 5994 4055 8400 8470 2139 7788 183 2789 2256 7419 6709 2010 9786 4835 9059 2484 358 3272 1380 7618 240
25 5934 789 5377 8176 6422 6484 4969 2898 4767 4314 2670 5004 3447 2344 4259 2099 2155 7307 3287 3676 4197 7151 9004 616 8957
29 7399 8020 8346 3073 7323 830 9182 3721 5124 4617 542 2467 938 8788 2186 8287 2750 1608 5079 8964 9953 5515 650 6702 8275 9307 6212 3480 3259
33 5192 8435 8892 9549 7685 330 1733 9276 6805 5603 8631 7516 6134 9221 7004 9541 3487 5733 5849 6469 3961 2093 3545 4389 8469 6303 4385 3303 6028 1285 6207 5294 8301
31 568 3579 6786 2657 1503 1963 7994 2771 5713 5962 967 7493 7609 7624 9023 6908 8725 512 6773 7331 7292 2936 9945 6054 2466 9587 5638 7639 7308 766 5471
6 8890 7791 468 2182 6018 3286
22 9563 6843 7704 9595 6206 199 7662 3940 5465 4689 4301 2148 8977 6427 3048 6335 2094 6096 2697 7719 7772 9829
19 5693 6044 1492 9459 5730 747 7487 6341 8866 8222 7184 4729 1301 5159 3255 1207 263 20 8556
44 4379 7993 9666 2399 8823 4602 4481 6896 8652 7762 5310 7829 2156 8103 862 6104 3174 9397 6187 4890 1314 7708 2414 3237 370 7098 6697 4745 3917 1548 2403 4822 558 3301 7589 9051 4545 4616 2564 2219 9552 5798 1677 1009
23 4679 225 2319 3847 2765 4351 997 5396 9933 7598 6267 9258 337 3183 2002 8608 2870 4392 3627 1669 4364 7751 9131
29 9084 6135 3354 9705 3270 5656 529 7019 4756 4270 7271 8895 3592 4562 4235 581 6854 2279 6174 7608 1187 4501 6869 4238 1089 3937 6092 4483 3737
20 4090 1852 4196 4875 1508 3453 6639 1250 4371 8694 7048 1330 9849 6921 6866 3115 2390 695 4471 8389
18 2720 4910 7574 3544 4291 146 9981 6989 9186 8108 5611 5741 3001 3223 6233 5418 5886 7713
32 2247 9090 9286 4225 4705 2077 5601 1686 2304 2984 5809 2122 4472 3070 2713 6974 6830 6226 8473 6429 1990 7695 9695 75 5755 9599 2798 1495 4134 6943 3741 8113
14 9514 567 7117 4661 3105 2573 4881 7261 9622 7617 4172 8959 5666 1705
26 5324 8447 3050 8034 5135 5050 4709 1779 7843 4406 1389 8225 3967 8460 6415 5444 2088 555 6302 4226 2259 6273 3046 8424 9766 4955
26 8731 4414 4467 5008 5640 1761 3686 9967 7853 9506 9510 7388 2687 7591 5430 3806 1657 7200 5325 4551 8352 5003 3836 2880 7459 3120
14 3817 1170 2143 9385 8796 1587 646 4027 8513 5749 763 4731 3264 4127
21 6277 277 6942 9483 7918 1409 5530 2514 7979 2727 1571 1506 9069 597 6501 6573 9454 7565 321 7133 2983
26 7957 1421 6173 7263 4400 9101 244 9516 5356 1752 6905 3799 1203 4539 9778 9418 5498 6275 9984 7268 9960 7568 9317 5857 2055 8131
19 700 1637 2424 5746 6756 4482 895 6196 8306 5734 5142 2488 7954 307 1398 2905 6845 2608 9990
10 7070 6836 4048 2330 492 7910 3185 3064 2130 7472
38 1776 5621 7203 8151 9833 8780 2393 7381 2804 2125 714 2861 6122 7353 5577 9828 7832 4762 1449 2334 8318 2081 179 7029 9040 5784 6731 2339 7803 5345 7673 2457 9577 1210 3110 4047 5606 5841
21 519 7864 9495 9586 6141 3760 9366 1894 9582 1108 5531 2391 3106 8683 5942 436 4841 7409 6294 2322 5125
24 8518 4352 7113 912 3077 4899 1772 2756 8841 9682 7753 2615 9509 6166 9124 8894 68 6411 1665 5248 3310 4927 5232 8862
15 1867 6745 853 9438 2958 2057 1861 1897 7650 3150 4265 3413 7250 7433 3848
14 4758 8932 3608 7176 539 253 198 8776 3320 1917 4999 6551 1998 2376
30 7861 4260 7471 3833 7579 6251 6172 2121 4924 6848 6696 6085 924 8475 8343 2299 9548 2269 9788 7765 6936 2005 1127 9808 9013 9676 8797 8879 6470 8122
19 6663 7357 1010 5711 1496 2368 3648 1376 1444 5290 299 6209 3274 2521 602 7163 5652 8701 2208
23 7936 3904 5692 8268 4843 592 4746 9739 2567 470 4102 4684 7541 6812 4727 3515 652 8386 3002 1813 1064 5637 722
24 4494 9347 2520 4630 168 4107 4704 1487 8695 1768 2809 3469 1709 5658 5767 2443 3973 3567 2560 3521 7848 7897 641 486
29 6815 7398 481 3717 9511 2041 2997 7682 2652 189 4532 2040 2468 1428 9779 2268 279 256 6396 6604 4982 28 2004 7584 334 7997 2826 270 4793
19 606 2079 6004 4011 8598 1358 7168 743 1049 3769 5918 6487 1044 440 259 6715 4531 1865 3408
40 5445 8713 3129 7243 9657 4806 8530 2799 5187 5267 1369 3669 5550 1048 9482 2248 8904 7689 4357 4893 9114 991 4997 4632 9244 1824 6801 7930 6611 9413 3552 9465 480 1173 6390 7509 341 4697 807 6467
27 2883 565 5783 7246 1762 9684 9234 4588 5417 9572 8234 3659 9122 2158 496 9453 7050 593 3175 9898 3703 8090 9 5388 8308 3656 4133
35 713 7512 6202 6818 3906 2937 8523 3952 6121 2568 30 4802 6806 83 338 3 8169 5243 5002 1567 2719 3446 4276 1164 5506 3452 2676 3151 5194 6624 2849 1445 3964 5894 5254
31 7499 3249 9406 9851 2518 7337 6584 6580 4664 1859 2680 4068 4087 3672 9022 4851 1834 1905 6540 8199 3912 974 7377 1298 8354 6720 5275 3034 7980 4774 1114
14 1138 2537 9871 7883 6119 1215 4966 9195 4356 9963 1220 3946 4796 8394
21 6381 6155 6360 6352 8772 6538 2776 1181 9070 6476 377 2264 5386 6641 4266 4916 1424 6726 4646 3516 1003
43 9679 8158 9559 4285 3566 4764 4123 5087 230 5211 3308 7384 8646 6820 283 9867 8931 5183 1719 701 4097 4165 3244 9039 745 4513 6037 6837 3815 7022 4216 6354 6760 7390 5932 5429 7073 1536 2961 790 5854 2227 3643
23 2316 109 2642 7557 3583 2927 1294 7278 7746 6946 1297 9837 7817 3673 8159 3031 6201 7363 1668 1357 6061 5071 5138
27 4059 5060 6068 697 7248 8766 6903 4953 8806 3839 7907 4278 9553 2548 6443 2882 2959 6799 6167 2978 5233 943 604 8602 401 3224 6665
43 6901 6329 2293 8915 5888 5351 5428 8037 1968 8272 4105 6297 5959 8871 5380 6708 2501 3392 4979 1982 4188 6318 6947 4571 94 8286 7887 1730 3834 4837 6549 785 3456 4380 6828 4375 7681 7676 3576 8508 4820 1718 8350
24 9305 5237 3490 9353 8059 9819 2900 1352 7425 8782 9817 3496 5373 7077 2851 1286 1477 4039 5985 8235 910 9334 8582 3380
35 8477 2738 6168 9869 6842 1792 1667 92 9737 5260 4302 8857 8963 1420 3282 3907 1781 5166 5258 2682 4289 1707 3198 6691 9081 6214 860 522 5657 2114 8195 5362 9220 2839 3313
23 2917 6420 9042 8854 2482 6336 9846 4300 9151 6094 6904 484 1656 8126 6779 1037 8115 9989 2778 2890 9365 4321 9909
15 4058 7687 3947 306 7651 1858 351 4580 4337 1148 4451 7311 8044 144 2163
25 5235 6767 8574 7465 6021 4493 8665 1937 6460 3499 5700 9167 9754 9358 9542 8415 6874 7551 7354 7969 309 1373 4579 4868 5141
41 3549 5189 47 5917 6638 7912 7730 7633 4491 6930 7573 7474 130 3425 8193 6963 5305 1876 6146 5072 6612 8068 9435 7661 1265 9961 162 954 551 3804 8537 7038 3944 1881 479 2251 6015 5753 3126 1204 5225
23 9409 7116 7575 7194 1025 2646 7852 8709 4827 3956 5574 9174 2792 4931 4466 5644 792 9596 2253 4424 5057 1306 3562
36 8708 1363 8747 5291 6967 3439 9912 8987 9379 8918 2933 2400 2837 9460 3796 6204 3010 6923 4452 8567 500 4870 6758 4176 7238 5993 5114 5412 9404 3423 6183 3633 2806 8641 9776 2530
18 4071 8774 9144 7086 4141 7847 8030 6597 454 5394 5519 6235 2596 1047 2142 2445 9750 638
9 1105 1949 8801 1198 8186 4685 3341 7291 3638
11 203 5284 620 5788 4401 8046 9540 7953 1074 4904 8119
40 3307 5466 4794 8338 7255 9743 3370 832 5724 7134 1412 9566 3895 1979 3271 412 1681 5582 9919 7192 4626 3553 1053 8003 5568 941 8922 9211 3670 4961 2195 4480 5015 3720 2266 2689 5348 4741 9396 9227
12 4618 1803 3227 9444 9113 7046 6308 2358 5722 5349 180 8364
25 5424 3546 1984 1734 9627 9105 7444 586 1770 9431 4053 8907 5706 5261 8117 5315 653 765 8756 413 9217 5447 8982 5604 1038
21 8758 5756 6746 5709 5630 9513 2561 515 8304 634 5984 8946 4573 2469 6887 269 3040 6074 9555 5147 3887
25 769 7428 8784 6220 4065 6491 8664 8620 4394 7842 1041 5216 510 9239 4804 1889 9350 2584 7272 2199 4816 2572 8466 781 820
31 7401 1609 6192 8157 3816 5668 4587 7840 5375 91 9561 9272 4528 129 8002 3059 1811 3998 2891 9016 4627 1877 8934 2013 6844 9129 4778 8396 6364 5848 8527
22 563 2110 434 8549 2204 1572 8920 9665 4438 3801 7003 264 8769 5030 6099 258 8888 4479 1001 8163 3664 3346
32 7929 4781 2335 9316 3786 3866 1986 2442 992 617 2434 9035 3364 369 8018 4594 6751 8111 2284 6432 8734 7667 6232 6330 7317 8092 9154 3441 2610 3284 1887 1410
23 6916 3276 6851 1527 7602 3108 6742 2250 9457 8785 120 8800 7453 17 8016 8975 3187 7089 5178 14 1663 6322 7789
20 3555 8459 4761 9735 5913 3393 8956 509 7361 365 538 6857 3925 4443 8616 3052 4032 1932 8824 6285
32 5300 8290 4673 7209 8191 4930 7010 7513 9741 9687 6211 2375 2345 7560 6692 693 8015 2365 813 4526 8679 9099 8066 1242 228 9942 1549 5131 9301 2502 9834 1134
38 5086 3459 5500 601 2245 3537 2852 6013 9424 3228 9623 3811 65 2636 754 3339 6578 9880 3919 1469 4681 9389 1780 7240 9201 2889 1333 4151 2716 2970 5407 8487 4149 4295 1892 9937 6257 136
27 5860 9996 9965 4404 2916 6048 4171 1613 1168 1458 7613 8284 5772 7596 9995 1099 9088 5461 1788 314 8313 1514 6246 587 3093 8898 6127
39 9888 817 7329 9543 4920 7554 3915 8155 657 7808 6188 462 6882 2547 1944 7920 2835 9607 6231 9879 6459 173 2398 6707 3391 2991 8362 8039 6320 6564 1713 2302 6107 1356 8647 3965 4606 6453 8921
27 6695 842 2742 5732 9037 8259 9742 8243 7837 7515 4714 9370 4939 2373 6605 8974 5191 1870 3351 5502 1933 1486 8887 1696 3590 978 5821
14 9675 1332 7631 1518 4028 100 4639 1880 9021 1191 8078 9558 3994 4538
14 117 3773 419 6029 3585 6503 8236 2217 2160 8303 694 1126 3166 1022
41 2061 113 5113 8104 2147 9164 7190 2464 1232 6407 8970 7457 3843 8945 9859 6114 4340 7587 9816 5259 7538 1882 3630 7273 4974 824 2030 7299 2988 7738 63 1243 5319 7658 2249 3143 3388 1544 3665 8057 4891
17 3167 3005 1054 1206 9763 9821 5078 3440 3678 3941 7902 8144 3250 438 4554 9589 1439
27 6706 2511 3603 3193 9478 6682 5420 8250 1291 2996 6504 7528 7725 7961 3365 8461 9315 9398 2795 2902 9922 6598 6950 4310 3687 430 247
34 311 1189 2808 3894 11 112 4770 6897 4852 1786 6033 6376 851 1828 4187 8896 5270 5832 6370 7306 2387 4581 5297 6516 725 4864 6046 6108 8589 9290 2623 2221 8884 2848
42 4855 9685 3779 7226 6575 9617 7856 4034 4477 3901 5567 3691 52 5708 6722 4669 6452 1702 5313 4173 8246 6478 2462 9488 3582 1361 2493 917 903 5053 4146 3934 630 9854 9434 8724 2730 9025 3518 6585 5408 7601
28 273 3891 4665 6245 6615 8671 6719 8909 8687 6727 9720 3782 4642 7341 4329 1836 7067 5940 1122 3100 4416 6616 900 4445 9095 4 3069 4716
28 1040 6662 428 4088 5477 3842 3807 5751 8555 9570 3746 821 1101 4584 1787 8491 9298 7627 2923 517 8153 3130 1727 5478 5081 4157 2864 9770
28 3371 9463 2056 381 2409 5263 292 4786 6062 1872 6999 1392 1368 9155 4486 5172 3141 9163 4430 5943 3511 5367 3483 972 6090 788 1247 7058
14 5717 6607 8458 9744 8421 6089 4006 1416 2150 9605 4051 569 9530 6782
18 3855 5295 4029 2033 767 8981 872 7599 3006 3312 8853 8837 2096 3957 3742 1951 7111 9677
20 3444 3430 8816 9954 67 4889 6328 7545 5677 6690 8604 8393 5185 2853 3015 8321 5922 6693 9486 8433
31 4307 2026 9640 2338 4615 2585 3784 4958 2527 294 9612 1282 1568 7120 3295 2309 3436 7440 9043 8903 9943 1371 5360 7917 703 6637 1457 6554 5084 2620 4811
26 6724 7355 8809 453 1145 1918 2892 5738 7536 7652 8757 6227 3642 5403 9468 848 2779 3803 4814 4726 4702 9567 1969 7896 1137 9281
35 222 9052 6200 2261 753 8367 7342 8220 8953 5879 6909 9441 8125 893 8218 5470 8811 4407 4878 9470 3738 8738 7327 2712 2772 5863 8522 5109 6500 5820 6071 3653 6508 2136 9359
14 9550 6570 7809 3389 1442 8451 3128 2914 5964 8735 7649 1962 2770 2627
8 9449 9232 9330 6353 928 9824 2533 8490
17 6228 1208 3986 3832 914 534 3628 5271 1974 7543 814 1650 8720 2549 2255 4022 1545
26 7040 4635 8536 5012 3057 169 3477 4880 6247 2290 3230 9072 2091 3563 5200 9066 1258 8714 4431 2165 221 7310 9061 9637 2456 5714
25 7913 2857 9270 5537 2990 6655 3161 2522 347 9204 829 7908 2953 3658 8005 8794 6640 1478 562 899 4354 4308 729 828 1559
12 8670 776 4599 644 7083 1133 2458 9656 8580 679 5318 8331
27 1005 4056 699 1778 6582 6816 5862 7635 2995 3805 8478 9034 1712 2071 8611 9008 4860 2450 7664 6482 5202 4393 7818 9878 4160 5179 9970
33 3988 3651 482 8637 5347 2600 3493 1355 9645 560 5861 3974 833 8662 6223 2370 8916 7148 4279 8933 3159 5552 1743 8360 4694 9674 2582 7844 9076 6428 4447 8994 3749
44 2559 1784 8739 718 640 8682 7663 5837 374 5899 1476 4293 7822 5569 8099 2383 4125 5340 7529 909 5167 9661 42 3503 5195 2336 9009 9807 9991 7858 988 4178 6084 236 5791 7251 9956 4813 9467 1497 4267 3838 7758 1646
11 6807 6307 9927 9152 2460 8507 7297 7748 6258 980 4156
13 2384 1320 1274 8455 6472 3876 8999 1594 3734 317 898 8001 7036
24 9799 3236 3196 2426 1564 6474 849 6272 7043 6359 6243 1067 5098 4402 6826 3814 7469 6195 4463 9010 8152 5047 2773 7937
33 6831 9128 1588 825 3885 3542 4652 5287 1721 847 8237 3075 7525 5804 5143 1130 4368 7260 1566 4963 8583 3296 8875 2028 4923 5488 5703 7491 2812 2946 9818 7335 1088
38 8703 8715 9030 7690 3054 9127 3098 9284 5031 987 6898 9219 561 4212 356 2634 9930 841 7072 9801 7012 7400 3332 9518 878 2380 393 5177 4037 3189 5423 8095 3971 3327 6635 6481 6919 1948
24 4894 1438 6493 6164 284 2352 8995 2404 5457 9809 7187 4113 1891 350 2863 4473 9150 4312 3824 1706 756 5896 4490 2664
22 7952 2166 7975 2904 417 2235 152 354 3970 1862 3531 934 1710 1417 6103 6808 2272 4470 2710 4135 7061 8752
30 5769 7104 1524 1233 8791 7492 3232 6589 461 7971 6106 7222 3135 8031 4845 276 7798 6996 7871 8672 3577 9865 1432 5947 2029 2761 1520 7756 3705 8278
27 622 8274 950 984 9262 3124 9475 4503 9928 249 6515 1322 5153 373 5454 6653 4668 265 111 296 6998 5077 6546 9936 70 9635 6060
15 9325 3358 576 2111 5038 9603 5588 9841 9580 9005 9692 6311 2326 8008 7146
16 920 7198 7347 5910 9384 6414 1976 288 5921 80 6169 1131 4465 9921 1698 3870
46 8395 902 6265 4869 9681 6512 5279 3622 7812 508 7691 2397 402 7712 8063 2599 4457 1402 6629 6574 9183 8842 3395 3777 6847 2728 6532 2267 3144 9323 5 6646 6310 1462 1039 4294 8942 9203 746 2474 1983 1958 4296 9311 8337 3985
42 2576 3697 6849 9890 9562 2982 9171 5628 8804 7118 7216 7729 2525 3421 1193 808 5301 1461 235 6290 7547 3316 304 26 1132 8390 1989 7720 983 344 4334 2489 7443 3087 4192 9519 7290 901 4752 8482 8612 8947
17 29 4984 5307 7882 2790 5033 121 7415 4224 4014 1061 3330 1648 3726 7358 1426 5578
36 8950 1414 6296 9636 6293 8167 4347 8316 1791 7987 5176 8764 6888 5992 9955 6505 6846 9863 7417 6483 5805 2587 7345 8886 717 2258 411 7348 2435 3978 791 6373 5551 2337 8087 3478
21 768 8029 4349 9179 127 4384 74 7873 4857 2346 305 1577 1607 7826 4179 6435 8849 8089 2224 4779 1562
24 3578 4017 2051 6712 6366 3251 5600 3045 9774 5561 7071 9170 9312 339 6988 2092 5676 5787 944 3612 7968 5931 6650 9536
38 6198 1447 8370 9575 2323 7901 2817 5082 7315 3373 2415 4853 6379 4209 8550 7823 9103 5016 7904 2396 7497 5326 968 1375 7893 9855 2820 2483 1742 33 5555 3745 8836 8503 2606 2329 7011 1300
12 9216 7325 7259 3094 5834 7437 8369 5368 5737 431 5265 8147
13 961 4648 3263 3058 3319 9118 9761 4326 2453 9408 4834 1855 8231
27 6961 6269 5510 3396 2305 1272 7193 660 3190 3530 9346 3027 521 1214 6935 9125 5338 7593 2822 9223 8468 443 8211 8865 5476 8185 7700
27 4842 7889 8629 5049 2031 3414 4139 5366 3770 4195 40 4498 7830 2796 8097 2332 527 6116 7189 9862 3360 9565 205 1036 6671 2951 6384
28 372 1860 5771 1252 1557 6648 1349 3315 286 2565 2907 6683 5041 736 618 740 4591 278 3235 9112 1604 619 9318 3920 7015 2131 5449 4281
22 9283 2603 9768 4112 8309 6922 9064 7364 8190 2173 7316 7727 3372 10 8105 3277 4168 3968 6006 9704 6686 7813
38 2869 7612 739 2714 1697 5158 6133 9481 2260 2477 4249 8901 4343 5278 4523 7100 1171 1672 9327 2236 3091 7378 8754 5414 5912 3600 6394 4760 6136 7079 4315 8384 4203 455 8332 5720 4319 2117
23 8329 3329 9805 7572 4830 7253 5622 3623 3829 7564 1790 8026 7542 384 613 6755 8936 451 3382 5277 132 4949 2583
22 5716 8149 9974 4170 4624 4657 8298 3729 3454 6560 5448 8805 7771 4640 460 38 8949 4484 9184 9714 6242 9673
18 9140 3640 874 9947 98 7628 4645 9392 4213 8164 6268 8864 890 5635 7909 3955 7039 89
21 375 6189 1489 5425 6563 7092 9710 300 3451 6737 6907 2630 6036 1967 5464 9490 6970 836 5925 2528 4516
34 4150 2784 513 2649 8035 1436 2108 7715 4031 2842 1433 1199 7645 9658 6387 1262 441 2420 2295 868 9093 8365 3109 4116 8781 407 2562 4983 8919 5846 927 2998 5758 2813
33 24 7891 9702 3290 4792 8245 8244 8547 2218 678 6772 1435 806 3399 547 2413 8200 8704 574 3125 7644 6383 8723 5121 1600 5667 7964 4611 9646 9014 8613 9461 7410
23 9979 6199 5710 8040 956 119 4782 4297 1910 9375 1311 7150 9054 777 3761 2938 7142 134 238 7718 1229 3560 5889
19 4143 1630 4437 5089 1994 57 3616 1222 8955 3082 4366 105 9377 3088 7233 8923 4823 2243 2586
34 585 6654 2711 5540 2856 2967 2754 4990 5579 9133 8984 1309 9031 8182 816 2438 683 7750 7220 9142 4251 9780 4614 7549 6928 525 4336 1321 2476 54 573 9343 6535 9910
14 1135 8976 3695 2369 7144 8619 8515 3415 7983 176 8279 3853 795 2840
34 7561 5615 5636 1830 4020 3789 6222 5679 2534 6619 1592 8383 9941 6873 6733 4459 8359 3982 7047 3387 3881 7942 8771 5795 9261 3089 9551 5842 5246 2827 3797 7991 4040 5646
35 5341 457 5156 6216 9678 7041 403 444 6593 524 1176 8511 3561 5527 670 7672 1624 6042 3613 7405 7653 4345 8845 8632 3771 1404 1798 6890 2624 869 9773 5404 1327 3514 9172
25 957 1959 6825 1942 1016 3173 4073 3689 4647 7723 2215 8006 124 4945 2416 4081 9973 6792 4766 6448 9642 188 579 3586 939
20 8962 6404 8979 1002 3685 194 8693 1277 3078 5168 9153 9386 4505 9235 3355 904 5774 1691 6143 8726
13 2986 2736 575 8269 1849 4180 7087 421 9797 7281 3543 472 8171
34 2008 4255 3200 8681 2140 5433 7411 643 2407 3851 408 9230 8755 357 4809 1275 386 7734 3262 3980 803 7095 8623 8531 2471 7767 3864 7279 5683 8666 535 1841 5682 5108
24 9581 3596 1635 1869 3632 4396 3879 4854 6698 353 3155 6333 8160 8502 6591 2354 5056 5028 4422 7485 9243 2301 2985 2448
10 7862 3119 9992 1561 7898 2694 5929 4138 7678 362
17 1664 5808 2512 5480 3767 7105 87 6899 1878 2976 5431 9747 1084 4897 759 295 4145
34 2912 9267 3083 3966 8194 3117 3261 1455 8266 2921 4114 9322 7205 3293 4698 9547 8495 5687 1533 5196 503 9802 2674 570 7511 8230 2625 3254 3727 2886 3787 4540 6911 8377
33 8102 502 1997 7097 3215 5374 1160 7234 3157 7614 9987 8289 774 257 171 6014 963 4631 5966 8697 7322 1370 5905 5203 7835 9760 4596 1184 4563 131 6876 6576 9827
34 4637 9985 7787 8597 1152 2320 379 8051 9474 3443 4777 2205 9716 8299 4454 3484 3682 3214 5645 2688 8233 1155 2918 1268 416 9414 4193 3248 5544 4363 1350 7524 1758 5504
24 268 4207 4137 607 8353 1494 5553 5976 6347 9825 6091 4917 3823 8388 7027 5528 6797 9491 4672 7127 3644 5499 360 8430
20 5885 7020 95 8192 7296 6337 7155 4771 5680 7747 9279 7084 1483 6194 1808 9147 2298 7424 9241 7731
46 3149 2536 2566 9633 6645 3468 8324 990 1620 4623 4907 8033 4211 9192 6253 9368 7266 866 2024 9643 9185 8127 2190 801 7313 6813 8676 7302 1237 621 9050 8443 5010 5085 3933 9149 7688 9719 3922 5685 2594 667 9793 9977 3679 3289
29 3281 6747 2681 5025 854 9497 2578 546 6587 3465 4638 8533 2234 7305 9300 8988 9994 4768 153 7094 3913 1450 3234 5870 96 8402 7359 710 9329
35 2941 7677 6765 6425 4957 2178 2745 5116 3624 4046 4892 4104 8534 9407 9205 3256 8855 333 4597 6149 6027 9866 3878 9966 1610 3472 3504 4412 1991 8910 107 690 7586 4803 4103
21 734 2896 6024 7916 9265 6237 1595 9264 6915 6800 6140 5208 7755 3948 5442 6047 8906 3962 2430 5762 4292
11 3654 1411 3581 5961 9885 9931 5928 9861 9608 7069 7533
34 489 5990 1100 608 9628 1655 7884 7535 9075 3203 7169 1943 193 6067 1104 9667 7654 2141 9734 2722 9351 2595 6083 1296 456 8281 5850 4166 8196 6276 1704 5643 9693 1961
38 3103 1407 5698 2198 3666 7211 4544 9923 8118 7811 396 459 7143 9624 2402 5864 5023 7288 3011 686 4915 4517 9425 8651 5255 5898 548 5145 2725 9048 1680 5434 9782 757 7131 5939 6271 6613
26 4346 5654 128 2783 4520 7488 1796 6130 5080 7820 2757 8357 8162 4182 6972 6768 1390 6217 4918 1295 8607 4522 2073 566 6016 2658
24 4214 7114 493 7277 671 6537 1509 7558 4858 8798 7894 8446 21 8688 2729 4942 5810 9162 385 116 4004 752 8727 6441
28 3030 8978 4299 2112 5830 5045 8542 6161 1393 3231 7231 953 3963 4096 6730 4543 5780 9699 3037 9058 6933 7888 6250 12 7906 5508 8710 976
33 1888 2899 2957 7446 5303 378 4862 5400 9652 6393 2191 1695 7125 3916 6990 9969 1017 5633 1400 7033 9115 2083 8180 8467 4743 2925 4861 6007 1403 2211 1599 9721 3857
27 7119 2531 499 6659 8140 8545 7570 8437 3016 1827 9275 9725 4817 7728 1890 4015 4361 1085 755 1367 4242 2321 1972 3860 8098 2276 6870
24 157 2641 6924 530 4848 3605 3420 761 3636 4607 8761 9505 1259 3731 9038 582 688 4898 5969 8202 9507 6853 1805 6111
17 4829 9082 4442 5729 7418 195 2500 4191 605 784 143 2704 3322 3275 9296 6057 3288
17 541 1218 5957 3116 2209 7941 4398 3896 8645 1117 5105 7407 5188 4085 2417 1339 1744
20 4948 1194 3008 3114 2207 9159 691 886 8214 1364 7167 2622 6699 4043 5292 6940 5512 9868 7519 4622
35 6115 7249 4686 9002 1079 9242 7745 9836 9822 3751 1071 5122 1471 1235 6679 3650 5614 9853 4201 291 6395 5707 3548 5927 971 804 3872 2046 7412 5224 1408 8232 749 778 1547
10 7141 8967 3221 7241 2014 4928 5252 5811 8070 5173
21 2020 7779 9440 5171 6102 3813 450 9621 1816 3164 3363 1540 9502 5641 7213 1739 8142 5198 6968 635 3620
39 9523 2006 6338 4153 6430 1365 9458 175 6579 7805 8610 6056 9324 8721 5411 5005 7062 7743 72 2016 5000 1485 4370 4222 9342 6937 5938 3019 7242 1915 7833 5521 7052 4795 2103 3871 3390 3229 4929
20 445 4867 5282 2577 8546 1480 1875 2901 2841 7594 7763 2844 495 4460 5625 6790 973 3704 8330 6287
38 7318 6110 1251 5120 7172 5234 3433 9897 4828 6925 3765 9000 8814 1840 3328 1747 7757 3139 5908 1072 8471 8525 6001 4514 4849 3764 3706 9236 9726 9197 4504 8802 6300 6594 4305 7831 3688 9532
39 3693 8489 7846 8328 7373 6985 102 7276 5838 115 7014 2025 3845 7967 8627 255 1590 6326 7510 5274 9363 4529 1611 2003 5595 8052 8900 5828 3056 2080 4269 5439 9781 6944 7215 1909 590 6439 3617
9 7468 3635 2637 8501 2993 2554 6158 6210 8480
20 741 3951 2915 1326 9492 8110 6280 3326 9156 2220 9077 865 6681 1464 6138 2535 5872 9709 2887 2759
38 8675 2123 1313 2934 5503 9068 1746 9357 6331 599 8339 6864 3924 4711 4272 1073 5184 4970 7582 6945 6431 6086 1451 687 4240 3226 7495 2392 9145 4434 2490 3950 3886 623 4570 6973 6978 2410
33 1833 3148 9320 3910 4826 846 8173 6274 5298 2948 8312 4832 8366 9800 7462 2805 2947 3508 7699 359 7408 6145 7199 2120 4298 3932 5831 3681 1234 3417 1141 6917 5571
18 5649 6066 8624 3404 405 7707 8143 6763 8314 1789 6362 5190 5266 7473 1675 7478 2629 218
19 8342 5881 5006 5205 7637 9696 8146 4973 3539 2461 4129 3683 5972 822 5460 540 770 5900 9476
42 297 1838 1323 4815 596 6523 6270 3345 9975 8585 2972 4634 5534 9328 9724 9056 3772 9085 7090 5102 1525 6142 1351 8221 5456 114 5930 3318 838 6623 706 2968 6065 5867 7369 8696 6788 4723 9215 5058 2964 7825
36 4687 615 8285 9071 2654 9132 5702 5995 3211 8072 4821 1012 5268 282 6038 863 8264 7285 4100 8248 520 5346 1107 4952 9126 8514 2372 834 2830 7669 3095 2277 6881 8463 1261 9430
23 3471 8566 3462 9757 1460 7438 1023 5556 5607 27 2619 3809 8568 4589 1801 1903 7395 4785 2821 1576 8674 8690 6191
14 5381 2296 945 7585 2425 4016 2731 751 5982 5479 329 170 8178 8535
13 55 6536 782 6076 1817 8954 2161 4408 7722 5342 4641 424 4186
9 6541 8965 6610 9843 9448 2177 101 4951 9117
15 1528 8711 578 7701 5180 4290 4075 4420 7295 3792 9198 7112 707 5538 3883
24 8420 7230 8207 8464 7174 7548 5853 1453 8860 106 2035 5967 3314 76 8326 1814 9428 2611 5575 6948 4419 723 2265 4700
28 8520 6735 7196 5695 8028 272 3079 1736 9798 7782 8048 6511 8135 6557 2328 5765 7 4609 4215 2855 8333 4780 60 7202 7154 5494 5988 4268
32 4495 6473 5662 1331 7171 3785 3429 7080 6120 5901 8150 1396 8590 1310 8881 5852 7063 3707 6030 4360 2350 9102 1765 6371 9615 1028 99 9067 7717 669 8083 1304
30 1993 3865 4507 211 5426 3874 4787 8444 819 1591 7368 3212 8621 8049 261 6823 9686 9060 2283 1957 5206 4131 2743 7452 5580 3184 2157 6118 1230 2203
17 1978 6485 4387 7430 9251 2065 9894 2749 7797 9914 9063 4976 9214 6458 5944 3402 2508
30 6649 8783 2401 9045 3875 2440 6498 1693 7479 156 2867 7592 281 7754 1810 612 5583 1395 2153 1075 4429 3489 9079 3352 3195 5882 9422 6667 9360 6349
21 8559 271 7379 8973 23 9337 2894 5518 5594 9672 1793 2574 5432 5251 7051 1452 6147 3400 6073 391 3812
15 9121 8345 9367 3822 5989 3716 1076 8983 5276 6449 7744 3715 9169 1015 5586
23 9207 3918 2838 3424 364 2769 1502 8584 9899 3538 7973 9522 2974 6388 5378 5843 8255 764 4859 8929 8452 7943 4725
22 1353 368 636 2768 8512 4801 220 3060 4254 3900 9308 981 1172 9426 4132 6770 648 4189 5591 5973 8519 1923
40 8406 3403 7236 7085 9620 4659 348 9466 1523 254 6416 8603 5462 9433 2829 3127 2498 9378 9026 1551 5956 6025 6608 8689 8252 5524 6180 6736 8944 8839 3306 2001 8658 4812 427 4231 6958 1579 3929 1212
23 9626 190 328 5517 6475 4656 7684 7483 6777 3353 185 1183 5288 3730 5115 2481 6520 2604 955 702 2492 4844 6063
11 5902 4208 873 9952 689 1626 7258 5204 1180 5312 8210
26 5598 4935 2118 5686 1 9202 7477 629 2866 8344 654 5893 4448 6095 7841 1659 79 9759 390 7869 5311 3677 234 8265 6113 4124
28 6965 6409 6398 1884 4485 2930 4256 8263 9288 4236 1045 7726 3007 3854 8007 936 4688 4992 3406 260 2563 7583 184 4461 5383 5840 3491 5536
30 3743 666 4355 3992 1328 8177 2175 2960 4660 293 3939 223 1654 668 1851 2239 2149 1405 1196 9161 1162 6599 8759 1954 2643 4041 6323 302 8654 5819
9 4066 8271 8323 2216 8831 7284 7149 7025 932
35 3025 8024 4184 6718 6550 3325 9165 4888 382 5941 7749 6839 8064 8492 7326 6774 3856 771 1382 5639 5186 4252 3725 9618 1829 6835 8012 7526 324 9391 6477 8636 316 2698 8700
24 8728 3601 6879 7924 8107 1163 9755 2524 9119 6661 7470 4110 6050 1103 9715 1556 229 8891 1120 2210 9120 9387 3535 7182
21 6039 2979 1154 3266 3841 940 6131 7721 9762 2303 2232 2666 1703 7431 9417 8635 6011 1427 7476 3032 8850
29 5304 7129 1625 9631 5892 2639 2981 2115 9584 536 6987 3597 4625 9884 2580 2109 1649 9456 6855 2351 8927 7703 2569 6524 44 2647 3192 8056 9520
35 1563 1169 501 8428 3574 6728 2506 6602 4335 7646 1493 9946 420 6314 4478 6079 8496 6315 2331 9932 426 504 8706 3033 2446 2746 7597 4753 4901 9650 1290 8980 7824 7714 9380
16 9187 3049 4223 892 2718 5140 721 4926 1987 7055 7836 1658 3945 2152 6241 1343
16 7640 5991 6306 2226 1385 312 8899 3280 6621 2550 8216 4759 3712 818 9374 1558
30 1735 1372 315 5829 6316 5620 32 9610 8112 8876 8101 6832 5070 2693 5768 5154 6184 8745 4067 6137 322 2943 250 4082 6382 7336 2811 4253 7522 5334
40 5406 6558 5369 5285 3199 7442 1684 7034 6969 5690 5238 8851 6041 8746 6345 9694 9790 8540 126 2244 1078 8969 2433 7504 6588 4650 2496 3711 1737 4956 5634 7540 9266 491 6979 6093 906 4338 2659 7404
18 9901 5948 3208 4200 5996 7648 1240 3026 4887 7962 4383 598 56 8138 2138 2286 805 5244
18 7716 6378 4655 207 651 4367 7338 4474 1158 9771 4054 662 3987 5855 6492 2090 1082 7467
4 2418 894 289 6834
43 7799 9733 4537 1640 290 6739 3047 6357 161 8228 3122 1660 6757 9632 716 1348 5610 959 7502 399 7935 1741 5981 3808 6442 6565 9175 8526 8828 4341 9892 625 8405 8777 5151 5836 4510 3014 794 1653 3724 7783 6185
9 2429 3655 400 8410 1430 2591 3774 962 5859
12 6160 7948 5226 5475 7694 7074 5095 3942 6717 3405 7881 2134
40 7877 4877 7320 5507 5816 2470 907 2386 1098 6902 1299 2760 4221 1317 3154 9213 1217 8656 9978 8387 34 1618 9017 7294 1151 2872 7892 3479 5726 7426 8456 6401 7283 1467 16 3035 3931 6959 5474 3975
15 3647 6684 2655 7396 1919 8356 3268 3604 2353 4399 913 2193 8156 7356 2755
12 610 166 3024 41 6125 9925 4981 5068 5525 9597 9515 4934
26 61 3257 8786 9654 9949 942 9604 9731 3981 4884 2048 1584 4550 2089 1980 7178 692 7021 239 1818 8992 545 4423 7362 3071 8319
40 1724 8848 6003 1628 3051 6480 2543 4989 4159 215 2366 6883 133 9784 8649 274 6609 6617 7939 4359 4874 9416 7124 2102 727 9245 2800 7244 2069 1362 5750 8684 3260 3343 5978 2185 2312 4277 3218 3386
13 3239 1406 9813 1221 6413 6356 7110 9269 9585 3652 6088 4057 4177
8 7227 2546 4287 4199 4508 5322 5533 6819
36 2313 9402 7546 839 9557 1175 8609 952 397 3621 8288 5302 3432 1946 1394 1468 8593 8539 9148 125 1740 7875 2263 7121 3587 7254 8340 3131 1161 8626 6097 9309 5617 3140 8082 3111
20 6633 9874 6764 1465 9538 6244 5437 2875 6238 2532 8972 5807 2018 4436 7218 3492 5011 9711 2300 4662
29 1269 2944 8803 1263 2665 2753 4130 5014 6426 7366 2874 7383 1236 7958 1446 6510 3385 8885 8084 1661 1360 1070 7170 4444 6417 6005 4324 6365 1722
35 8840 1879 5541 6058 1386 8085 9712 7692 8116 9948 7693 9388 8407 9611 5608 4426 8911 9436 7403 7978 985 8161 798 4603 603 3558 5354 5871 5869 7696 6032 8080 9993 2019 2897
15 9411 4511 5562 8998 4204 614 8009 8432 6803 682 556 4732 4395 9723 7784
20 8587 3170 1995 6128 4613 2000 3778 7309 147 8075 5451 929 857 8027 9983 6375 918 4941 1546 7641
29 3564 3572 9602 8835 1580 8368 6705 4007 2473 6971 4798 4838 3999 2873 5906 1996 6400 1578 1950 5286 2510 3733 4542 4083 1837 301 3012 6750 4091
10 2278 7180 3202 5786 9036 9606 2878 31 2007 5370
19 5402 7346 2360 5353 6312 3595 78 8270 5093 1094 738 1596 7752 3526 287 6144 588 9803 2049
33 6694 1113 3362 458 5694 5139 4912 3979 7461 4876 3960 5696 4765 1711 7578 6841 1807 9982 8660 7919 7126 8256 4313 3766 4994 8145 1935 3529 7834 7138 8137 994 626
22 6913 3022 8615 4070 4128 8528 6860 5333 4738 9455 5946 1157 191 8499 5897 7158 2888 3041 5718 4273 1522 6350
18 7088 933 4405 1146 196 7099 2552 8844 5980 3081 9924 1760 3800 9271 2588 148 4390 8808
38 5161 2538 8351 1873 982 7785 1631 775 3165 7576 979 6674 4824 2479 3547 4582 5389 8917 2364 8873 7605 487 6225 8399 9588 9907 9356 532 882 7740 1868 3265 9499 5923 6266 9545 4553 4120
26 7911 3410 3092 4064 3445 6703 9180 5866 7344 8667 8401 1639 9420 6451 4317 9886 9904 7625 4183 2807 3868 9648 5413 82 6087 6997
28 6424 3147 2797 2526 5523 8004 2850 4190 9224 1065 4950 7153 6175 6385 9598 8966 6075 4306 8409 6892 9339 2823 8657 2671 9484 5825 2609 1569
19 8578 5441 9574 4954 5916 8558 1080 6723 6489 8908 3488 3626 810 5806 3983 8858 7996 5876 2271
20 9020 5743 8198 3938 476 5384 5752 7827 2194 8423 308 7606 7977 1425 8925 797 9850 1898 3591 4241
19 3168 5983 4675 6626 6230 2650 8633 1484 7660 452 9746 6700 9971 2598 8648 3080 5760 1456 7161
36 8509 4455 245 3066 2333 986 7245 2802 9900 7066 7532 5001 9074 1679 2229 680 5391 4710 8779 4578 676 4619 3736 7706 2517 2699 5199 8912 1270 4148 8678 5960 1213 2592 9765 2818
35 8564 1121 9469 4720 9450 9738 2171 2343 9810 3163 2144 6975 4535 2793 7328 154 8081 7674 7360 5215 110 7023 6369 642 3302 5560 9057 2307 8183 3349 9792 9196 4049 3984 2724
13 6952 206 7666 8133 2825 5344 2288 3323 3497 1440 4783 1284 6993
31 5222 9191 5955 2570 3701 475 531 6380 1475 3646 2292 7770 9268 2179 1470 6437 9362 9785 8261 4033 8748 3893 684 8813 6286 6906 4122 7571 8422 2067 6170
41 4098 6455 8868 4938 6647 1725 1912 9089 9789 2241 395 6821 5794 5958 5032 2431 2700 6332 3448 3074 735 2980 4960 5570 3023 4488 6867 664 140 9887 4610 9690 7880 7563 3863 7002 840 2862 5631 7795 142
36 9291 1227 3527 7792 5017 656 1106 9033 4063 826 7679 137 9826 7394 3145 1058 3873 104 1853 905 4175 6949 7514 925 8011 4670 123 3486 7349 8790 1014 1581 2656 4506 4865 3204
39 5245 7709 9487 935 1913 9972 2076 252 4552 5792 3754 342 2086 4566 4086 2444 6165 6982 5785 8325 8165 5419 2285 1033 3401 1678 3506 4933 1616 6010 5745 2472 7539 1086 7577 8249 7123 8453 7223
18 2327 8448 1777 6886 4541 1537 5914 285 1921 9706 7286 3709 7671 2908 2423 9369 758 5390
31 4882 5856 8462 3426 3191 2060 3435 708 9539 9249 8516 1839 8732 7945 4678 8322 4142 9905 3348 7776 4288 4413 9568 9427 4418 8282 7166 6664 7017 5547 5501
29 8204 8787 730 318 313 2240 4433 5619 3476 6769 6622 5529 8025 2189 2062 3495 3142 6264 3926 5427 6229 3794 1241 960 1759 2747 349 7165 3903
19 6361 2928 1186 1797 233 7926 2116 9988 2684 964 9870 6754 9688 7960 8778 7925 7517 7655 7343
35 3692 1651 4863 4245 4749 4593 5169 5764 5101 4921 2281 1612 4121 5880 5249 1034 9092 3283 2739 2965 1717 2257 5111 2668 4527 8859 919 1575 429 1490 4230 6177 6051 8372 437
16 7293 4583 7451 3461 2780 5712 9464 1319 9015 2785 2451 3481 9531 226 5546 4557
26 4788 8055 439 7737 5511 5678 8937 3775 1846 7445 1257 9896 544 3225 5052 2342 1754 7989 6895 7946 3422 6955 1488 4568 8941 9906
30 5343 3758 3602 7567 172 6438 823 4913 5100 3133 485 4800 8820 8830 8017 7566 2945 1822 6423 4590 6043 5350 3152 8442 5979 5492 4162 2814 3559 1006
38 580 3068 9524 4318 1902 7816 843 2095 1391 6865 7221 4784 9319 6389 2931 151 8775 1307 1832 7018 8532 1538 9616 8347 4001 8045 7890 7247 9096 2428 2058 1526 3273 4181 5883 2289 8517 464
39 3457 2357 5954 6000 1647 1281 1346 6657 7197 1338 3085 4722 1871 9333 3449 4985 2340 5778 6977 50 1941 3136 850 3639 5823 7128 7304 5066 6934 4095 246 9439 844 5581 6981 86 9918 5273 5174
4 6321 9361 4325 4691
31 583 4421 989 3740 7732 6893 7068 1004 2315 8481 6880 9376 4232 361 6539 7330 5950 1615 9399 3324 1374 5048 5051 1043 5659 1312 8541 1093 2540 5398 557
23 1815 5875 6208 6526 772 97 6248 3997 8416 8743 624 3699 1850 2777 8821 4754 7921 2590 8930 3662 9344 5573 4052
20 6900 9820 7804 8819 6126 6215 3820 4612 5438 3831 5144 4763 4303 4998 637 8717 1287 3928 3043 7441
41 8189 1593 6159 2690 8653 2551 6132 3099 9248 6156 1051 6301 4515 6406 2740 8544 8961 3009 4993 2039 6176 5019 7800 1011 2405 3888 3383 5119 4381 631 6592 8208 7300 9521 3914 1952 7611 7801 1633 6595 3588
13 4536 7108 6630 9006 6292 3377 8833 6833 733 8986 1926 7773 3889
39 394 9935 8699 3541 69 4558 8219 6392 9065 5241 930 3062 969 2906 523 1179 5323 1166 4282 4772 8767 2955 9533 3178 8297 3897 5165 5110 8465 7895 4427 6022 5974 8355 4061 5895 2287 2411 4592
35 6456 8209 9087 7638 3512 1977 6026 9138 7387 8296 3394 3278 5486 9139 1783 8591 3473 7340 1857 6734 2685 3376 7932 4572 6351 1083 6852 3427 3020 3837 2318 2361 2593 3134 3618
22 5027 6502 4959 2626 3368 8419 1685 9537 6744 4734 999 2237 2494 6077 6545 1673 8417 4342 5873 8561 8000 1087
15 8184 2291 4840 9783 3573 90 8599 262 5945 5936 7607 6964 5609 3861 8740
19 7711 3188 5757 6567 9751 4021 8094 7456 9027 7915 3859 6596 880 2504 9110 5919 5739 6960 7947
28 554 2233 7210 5699 8989 3663 5642 6871 494 2556 7764 163 2910 6680 9508 7990 4932 8655 7481 182 410 2064 6991 5653 8939 4350 406 6221
45 2774 3333 2748 6410 8614 4940 8642 3205 4045 7103 6178 7501 3757 8551 3661 1337 6542 433 5565 7106 1125 9348 1901 7839 7786 6572 3523 1092 4425 2579 1574 2306 6929 3219 5283 4458 9814 5399 7603 5269 2196 7228 6840 998 9326
9 2176 3959 6976 5624 9601 1847 9614 8552 6342
28 8179 6123 1874 4089 5532 4092 3053 6298 9748 8317 6471 5401 1623 7670 1032 5612 6278 9525 526 4676 7955 1112 4791 2703 1195 9259 392 1139
42 8698 2788 4575 8521 4050 210 611 8504 896 5701 2667 1521 4775 5074 897 1960 9141 7389 5670 6920 7091 9462 1050 7505 9902 8476 1945 9055 2662 888 3132 9501 8408 7981 4108 7523 6193 4808 251 7985 6721 7093
26 4644 8493 6824 946 9554 2325 5904 9877 7886 7556 3935 5605 1775 827 5736 9535 466 6954 2726 9340 8205 1585 7035 845 3611 4158
26 7064 3849 9078 5090 483 8575 2952 5422 6927 8951 9889 5170 2045 2558 8644 4677 8239 9968 2042 4002 8571 25 8765 8479 6817 1190
23 19 7140 9401 9412 3381 6910 7265 3242 213 7107 6738 8498 2381 2459 647 8349 4548 389 8572 8320 5545 2677 7986
16 7229 1689 248 7870 8088 216 9107 1936 3835 5410 1662 5024 1641 9749 7742 3850
28 219 2297 8413 4620 1253 7365 9218 9958 9730 2708 6938 4030 4386 2201 9352 1063 9745 7559 7054 5146 1812 8174 3762 2940 8327 4185 9753 8718
17 6780 1192 852 9285 7970 4737 9713 8625 2262 1507 6343 1636 7374 5443 1614 3690 9472
35 1866 7287 5818 5487 5887 7934 9209 6643 6784 3793 7769 5824 5123 8952 5062 1907 2 3039 2341 4569 6891 5520 2834 9400 6490 7032 1124 2816 2097 1498 8600 8358 4797 4417 3755
10 7849 1674 2539 4003 7464 2439 4144 9181 8596 9997
19 3667 2074 9314 6023 8412 1415 5009 3798 3790 2846 7392 5163 7065 6363 9278 22 4000 7206 8722
10 8227 3536 7059 8238 1731 383 8 1115 398 1318
31 6656 2436 6255 8348 9199 9641 5684 2648 1188 698 1819 5911 4136 9697 8569 9629 1782 8829 6324 3412 9188 1505 8846 9756 7264 9528 9600 5599 5485 2032 7252
22 7455 8426 498 5593 559 8062 6932 9950 1531 8928 4856 5039 2151 3428 4044 9083 4789 4730 5851 6055 5059 5812
15 3321 6953 4975 7367 9094 2188 1185 8100 3460 6358 4995 2252 8260 9669 3347
22 2507 1177 977 1835 871 5844 5835 5099 463 3210 4499 8136 1842 8749 5986 1140 6894 5395 8168 4140 1226 8874
34 7028 5387 8224 6634 6402 7096 9263 1110 3930 352 6179 6566 5725 5909 3494 2017 2721 4902 6859 5175 748 3419 1056 6651 3768 1895 323 5207 6872 9260 8943 9775 1052 2463
27 8086 4873 9274 8588 3615 4024 46 1583 4274 5770 6218 1541 7949 5306 9302 7237 6444 1956 628 9294 783 5065 469 8091 2794 2408 1359
14 9698 4084 266 4450 1325 2388 5021 7872 9208 4628 8807 6678 8563 712
36 9670 864 9104 9625 7686 3366 2919 1745 9962 2966 799 1934 9240 6519 4718 9247 4692 9136 7588 4810 8121 1621 7420 7550 3467 4671 6049 9794 4275 6606 5130 1479 7496 9560 8123 465
24 5971 5572 1804 3554 3594 6101 5043 709 1985 649 5915 118 1589 5907 8494 2645 7262 3340 37 6861 887 3072 4469 2987
10 6912 2385 779 8334 9722 1555 7139 4962 9736 7049
17 6529 3067 3510 1399 9231 1007 167 7845 5740 5776 7416 8130 6112 5647 3858 9700 2509
29 6418 1384 4164 9252 3750 7016 201 9835 5655 7976 8013 3342 2027 6256 7736 5884 4462 7963 7878 9200 5459 7269 6334 3369 9168 8311 2200 5592 4042
22 1883 3138 3830 497 9527 9546 9394 6716 5452 2412 6397 6787 7868 5826 2575 9529 9857 4972 8139 4735 2172 181
32 9166 6658 2230 135 4228 9477 6009 2480 6962 4117 1692 5878 1748 2082 2021 2715 9355 4978 8997 4903 9331 8258 4850 8436 2733 4946 1329 8305 5742 8825 3892 3097
23 7810 3826 8548 655 5240 8079 2635 2059 1565 553 7498 2023 15 5094 5801 2631 2478 4323 7520 5975 4492 6514 4432
15 7186 2324 2963 9845 3398 8379 8938 6544 786 2098 9493 7219 1454 2819 5543
