30 6428 9594 8400 7449 8906 8266 2608 1306 5277 5045 7423 3631 2184 3974 6291 4277 6134 2658 4191 1623 7285 1332 1018 6593 8747 4360 8100 7850 9109 6051
33 45 3240 8504 3258 6402 5968 1210 4286 4983 7870 3430 7847 2122 4428 7740 8630 3514 7763 8370 2886 9085 6896 9105 3270 8382 9318 1995 218 6308 8024 7965 8392 6906
33 9475 9157 8017 1139 9621 1448 4636 393 7915 9583 3770 5235 1089 6069 6918 3434 4696 8814 568 6714 985 7479 2073 7092 2619 3586 9124 4026 2999 1313 5851 5320 1911
33 2822 8372 3756 436 766 3051 1417 7485 216 9892 5274 5146 7709 3507 6809 6757 6282 1876 1272 379 3574 6387 5636 562 6642 4462 9819 8002 2054 4380 3072 8574 5517
30 6599 3123 3720 23 9791 7552 8841 1554 6073 5478 7927 4388 9562 6773 2790 9010 8378 8610 2951 6850 3113 8684 5676 9691 4705 6339 8803 7789 7997 2296
33 8103 8440 3324 5109 1398 3412 3997 3871 141 8477 452 4153 2935 4430 3730 8761 6450 274 9140 9776 1624 4041 3739 5437 9301 9881 3661 2709 940 3979 2380 6564 7886
22 8450 5529 2293 6876 132 2644 9753 261 8689 6224 7429 6486 8007 8713 1050 6443 3282 2366 9539 5016 5285 3188
23 1566 3856 6509 9625 43 2937 4158 9921 4720 3819 4161 7212 4800 9553 6792 7283 4686 5363 1017 8777 9134 2907 5991
27 6261 4922 4318 2914 9678 3783 3644 1253 8593 4040 7536 9993 9952 1303 3584 5833 5114 4149 9587 9701 1296 6089 9603 4721 6828 5849 1665
24 835 9200 6284 5 8958 9380 4521 2009 9815 3431 3975 2878 5782 4761 6438 2087 875 5563 7469 8739 5017 7477 2712 5002
32 6198 1060 2263 5598 215 6481 9467 2158 8211 1545 5297 353 4515 5306 7893 1221 1403 4865 840 9611 8086 2880 2159 1658 4336 1347 6660 7090 3421 3472 6576 63
28 9670 4390 1924 3698 1178 4030 1542 7054 7240 9885 4997 3608 1085 9118 9453 3213 2432 613 2792 1652 6555 9259 9569 5158 3214 6490 6240 3232
31 1959 6330 7395 7689 2971 2841 6746 2918 5506 9870 6708 9012 9116 1321 2413 2185 1713 6518 2227 5186 8608 2871 6592 2545 9342 9517 6929 3311 491 950 6806
32 156 4494 1191 446 4006 1964 462 9147 899 5446 6300 7304 9910 8943 7282 9434 1968 965 4845 1763 5498 3615 176 1200 8467 9623 8520 566 2088 953 2134 2659
29 6440 9194 1734 3618 1976 1197 6816 541 9240 2542 3144 1647 8335 125 4230 8295 335 2133 5778 6514 7269 7827 9903 9034 7647 205 824 3952 7690
25 2921 548 3914 9612 9772 4942 6036 1802 8224 4657 6454 5852 7308 6063 8807 1054 3576 9156 6957 269 9348 485 3649 4352 9018
29 2603 9960 7015 5475 4529 8726 2450 7111 1259 6800 4266 116 109 8278 922 3942 7035 9196 7385 8139 4860 5625 5735 7902 1878 9713 638 2915 3554
23 2234 2890 6155 2168 8439 9937 5125 36 7580 6606 644 6178 3303 5732 9214 8571 4606 7137 9536 2885 6068 1891 2528
34 8033 4260 862 5889 2836 1983 7894 9974 6727 7541 4205 5570 3167 5597 1435 5768 6367 6192 4098 9232 5790 1858 6712 2271 2272 4405 8656 8212 9638 8169 3208 1705 4256 2149
22 2734 1595 6482 9454 3917 3489 8458 7950 6145 2984 8550 3047 9525 2974 1384 9610 4270 2248 3936 4600 1522 7492
30 4467 3198 7235 8625 8464 8884 5990 7158 630 9267 2867 584 2121 1418 157 1358 1517 407 7231 2625 6140 7786 6834 9744 9652 2896 2478 7223 3159 224
26 2635 2803 2785 8829 3411 8651 760 5975 4921 2825 387 225 7290 9547 3400 8319 6050 2420 9088 5339 7687 3369 2308 4552 1991 8964
35 1179 2086 1956 5511 5115 1675 3954 5658 5448 1787 7988 2310 7680 6820 3606 4376 2577 9160 2683 3786 2888 7912 2690 1591 3761 2579 7074 1237 8750 2400 2829 1484 5410 4789 4300
25 5266 1531 4976 1804 7467 7392 5911 9035 8844 430 2114 57 9098 904 9981 9693 1065 9265 1782 5649 8770 9916 9882 233 4361
31 3039 9814 1824 5557 4060 5886 9632 5999 4677 1854 6919 3018 8067 2188 9833 7150 5767 700 5958 4043 4261 3976 2831 4075 7644 7604 8987 501 7008 3868 9784
27 5876 3628 5127 1152 4309 9393 5856 1349 9412 9821 8448 6176 1553 3063 9707 2251 4112 8336 463 6549 7085 7451 6583 7125 2041 2059 2388
33 2922 7781 8472 9257 3911 4717 9076 7721 9909 1998 8423 3487 5509 3058 39 4658 2877 1952 2800 3894 9390 802 8764 7546 8155 801 3089 4859 8836 2618 1428 2804 7215
29 1134 5336 8851 1275 229 8693 6322 3186 4597 3103 5639 5969 3532 9919 9007 954 6670 4059 2229 7141 6949 6987 5814 1328 4222 2828 578 7718 2423
33 9151 8654 5721 6093 2228 3 2395 7891 9531 9254 5068 9720 6651 6849 5281 3095 6414 9598 7803 6315 9867 5572 1561 6081 3133 1500 5445 6499 8533 2537 3958 8216 1993
28 2139 9417 2557 1036 4896 4249 6767 5210 5351 4524 2846 5413 648 3982 5162 2428 9595 7500 8116 4389 4499 5271 622 4907 6013 5907 8682 4605
28 6975 4803 6620 663 589 1904 8005 5802 2286 1799 9618 3390 3446 533 9616 6644 9659 3248 3569 9843 1514 4210 7520 8810 9422 5712 8548 900
26 2717 4989 271 1772 8162 7679 9439 1354 6697 1034 8137 475 5746 4482 5733 967 5626 1663 9972 814 2094 9080 9987 1105 4643 8096
27 2820 7173 5151 791 2908 2266 3780 7330 5397 2100 5818 527 8826 1352 3657 4815 3125 1450 4853 5179 9275 1859 5101 4411 5256 4556 6279
24 2368 330 3278 3275 7028 22 689 8794 5000 8332 7692 9409 1941 6695 3714 6803 1077 293 8308 1728 4682 8978 3857 1648
29 5454 8394 9635 6910 1430 8756 4394 9107 4889 7190 972 2808 67 9736 4902 222 4321 1265 7003 5468 6034 1755 5710 8127 9977 4961 3607 1327 7688
24 1434 8207 665 6030 1053 3292 7022 8577 2947 7275 8562 228 7509 8560 5577 9419 8233 9711 5518 2177 4884 5813 8225 9404
30 9738 4581 34 4279 1124 9520 7728 7406 3151 5315 2175 9178 6210 6646 9290 6968 9567 1720 8495 2131 8459 3843 2240 4409 6769 4584 1266 3057 8583 9941
26 2446 5325 4660 6983 629 6766 7607 9939 5343 4483 8025 4497 4892 7989 2724 4617 2151 7221 2702 9578 366 6694 699 3909 2371 8753
27 2854 9942 5247 2140 5082 1689 5439 597 70 9575 872 865 4382 305 5026 4244 5884 1338 646 8674 4245 2199 6077 1762 3138 9555 7326
25 7590 1387 3383 8120 1562 2375 9880 9954 615 1724 7846 2675 4943 2226 6628 6045 4837 5891 668 9061 9948 6248 2862 41 2786
29 3117 7995 552 5516 2358 956 6436 2654 8877 8106 8390 628 2615 7265 2949 5447 9624 6939 2208 8612 5165 6243 7017 5140 2612 3424 2718 1396 5513
30 6933 2996 2550 6610 854 3950 4455 4784 1760 9121 2331 8876 1360 6582 4410 5373 3961 2753 4737 7737 755 6853 935 6923 5575 6717 4518 3008 5033 9478
31 7759 3611 6214 2205 4966 1600 15 4069 9485 9936 6553 2961 6690 5983 8413 5854 8490 7184 8168 6204 3820 3046 608 6662 8243 4571 6867 1288 6513 2587 4659
27 3353 9688 1285 2195 7259 9356 6389 4454 4363 1228 3310 9694 4637 214 3886 2485 7248 4868 7133 761 2676 5995 7360 9170 378 2850 3386
29 3060 1938 6857 9884 5783 9055 8620 9310 1132 2919 8988 5501 3407 3131 8248 5219 8489 7102 8999 1611 4595 2742 4242 5776 4959 6688 8081 9873 2894
28 2995 2297 9336 1021 5997 3009 1264 8663 2154 5296 1519 7209 1000 741 3360 3778 6345 4120 8129 3013 8921 5920 797 1718 9535 1295 2444 9212
30 4506 5801 5334 1014 1175 2201 971 8790 4621 6979 2318 5074 5119 9281 8214 1444 9309 8341 3102 762 4143 8817 6645 8287 3098 6745 2749 7817 4635 8009
29 7849 1365 4067 3373 1257 6262 163 33 9986 4465 5434 3508 7443 6701 5104 9119 5174 5628 4826 9532 5143 3053 5039 1454 4981 4590 4235 6121 5193
31 5260 9740 8523 3681 2472 9382 1239 9302 1299 5084 3262 38 8832 4002 5600 1661 9197 9852 7834 6678 4725 7571 6131 2438 506 4426 1686 6784 7123 7270 7775
27 6430 1691 9951 2042 7323 9139 8250 1750 8581 7046 4293 2066 6060 9185 1719 2708 4656 5554 3029 4810 2588 7306 2927 6059 5918 6947 9958
30 7678 9470 2777 2459 4777 2677 8754 3326 2525 2457 3825 2370 6915 914 8223 611 4033 7218 9345 6571 2035 7565 4484 8647 1538 8660 3668 1345 4712 4821
28 9997 7574 1816 5696 9719 9272 3520 1549 2558 2230 1754 6352 143 7233 5652 2568 834 9626 9783 3012 786 8411 9657 8690 7788 4683 1350 7756
25 5254 2241 1779 6815 9989 4348 4527 3637 3191 7432 9216 1934 5840 1406 3684 5487 3276 4429 1388 5088 7897 978 47 6955 9982
29 2150 2198 4046 3266 7176 4183 2794 4193 1082 8153 8189 3700 585 5646 6930 7836 2929 3638 1379 4899 7444 4036 5599 3112 6408 7730 547 4516 9577
30 4172 804 1568 6597 7358 9039 1465 147 7800 2064 5028 4822 6997 2923 5689 231 9588 3895 5567 6760 8496 6913 2074 4510 77 9778 1601 6883 9645 447
28 2870 4474 477 504 7777 2001 4958 1986 9979 5611 2944 1507 318 9276 4836 8304 279 4876 1987 2764 7452 9433 25 634 9563 1270 3540 7341
31 9053 4754 4068 4957 2212 9329 674 987 4684 1908 8931 5451 3132 8787 3616 635 2224 5295 5131 1803 6372 7434 7892 2964 8567 6002 573 7852 7537 5269 9418
32 187 1062 7014 5751 6382 8193 167 1368 6572 6989 9218 3807 3944 9252 4492 5989 8429 5602 4731 1208 3538 1506 6478 3717 4995 5593 2357 7729 3474 8240 7460 85
30 5959 68 2 5333 2051 208 8500 6793 5406 1609 594 3490 9051 7712 6448 3389 255 8186 9401 1284 6831 9402 4912 1912 3478 1209 4735 3957 1954 6088
30 333 7918 8586 5310 5520 9241 4673 5157 5396 7660 2071 5036 521 4379 3011 4578 5804 6653 64 7357 1970 8397 2543 9176 6782 6360 7843 8187 3769 7162
24 2758 551 7026 8937 5670 1810 4831 257 5327 8035 5122 9794 4538 1645 535 2787 3726 3977 8802 1509 7478 1136 8443 8670
29 7833 1818 9984 2186 4144 7286 1639 6218 9851 5838 5879 6318 6862 907 8639 5015 5426 6323 4946 7373 9663 1019 5009 1518 616 2105 7966 5374 869
27 7318 5645 7494 4751 7575 970 8911 6186 5189 2062 8939 9501 8886 3271 958 8758 2118 19 3617 1982 316 7754 4108 3450 8197 5747 5029
28 9058 7822 1896 2874 6032 4639 5303 6446 4630 111 3228 3453 683 2704 6072 8288 1240 7350 6937 5264 5765 5728 6943 8305 8374 1638 8387 6207
27 1785 8653 2933 3518 9263 6500 9235 1603 4736 7815 933 2076 2520 9 2287 3409 2290 9726 992 7170 8405 9486 2991 9285 6159 8768 6164
32 2584 482 3209 9136 8566 7699 627 8421 9540 4950 5163 8036 6230 8894 9482 394 2235 9381 4614 6649 7168 7226 3750 4624 4733 7868 889 4517 4619 3652 4962 2254
24 5831 9747 6258 5574 6464 91 9084 5100 8623 8350 5848 673 2324 2581 5741 4812 148 6852 6 652 9474 4714 4097 8395
30 5679 4170 2573 3442 3347 8239 2242 3170 3215 1242 9376 7503 6310 8864 8601 7172 4522 3359 3432 7578 2665 4208 2421 826 2454 5882 3985 9358 4014 592
31 5954 3128 429 3268 4123 8050 1707 7693 1676 9812 1557 5124 8231 8345 7043 9800 4213 3343 1495 478 599 4301 8664 2284 8929 8306 3354 1385 4998 9410 6614
25 5634 3860 6245 3385 8003 2965 2218 1322 80 3130 4243 3127 9367 3889 4365 2692 5205 1426 3365 7303 5305 7121 3457 9444 1185
31 493 2146 6497 4568 9940 4697 9955 4692 1777 1427 8573 71 3241 3061 6439 193 3602 3056 1291 829 4333 6047 1501 8065 3841 6431 253 951 655 1235 8799
24 820 5756 2916 4622 9537 107 743 2260 5080 8140 1736 1950 6343 9239 7599 129 6723 4449 3141 2095 6654 4532 4461 202
28 701 7439 7279 3049 883 2788 400 8917 5584 9728 4835 1701 6026 9326 5299 9513 481 5980 3967 1703 4342 8510 9277 5261 5950 1851 5473 973
32 8854 4049 596 8166 2570 8063 3164 745 4953 8783 734 5547 2928 4147 1721 4011 4851 3963 6223 5672 5078 5788 6109 6636 18 4850 9557 9148 8011 9383 5717 9969
32 2038 6488 61 3919 2144 4817 4323 927 2274 9308 7097 3364 5083 9651 3812 3801 1819 4756 1918 247 1006 3736 9493 4403 5234 2962 9805 9320 2441 8270 341 8465
26 2772 7794 182 417 1608 3610 2096 7597 9545 9222 8338 4488 2714 1632 9709 1190 7506 7669 7933 607 894 2093 8782 2544 5365 4916
28 1666 9054 3833 4503 5345 8950 8074 7519 2664 4221 4880 5821 7835 2474 5691 5820 8860 1537 9534 8367 1252 3296 8275 8323 6366 3226 9188 4171
31 3155 9166 9459 540 2141 4005 6411 8968 6328 7390 199 9809 8020 5994 9299 4727 1088 1973 8396 7832 6314 3969 9319 6903 3066 8695 2779 8244 103 1184 9918
29 8725 3782 7694 9804 1059 5066 3242 425 9733 620 5238 4435 2412 8605 3034 1122 4838 5573 4133 8181 757 6241 1297 7602 9710 8880 3840 6061 2504
32 4891 7179 1067 2479 4084 4887 5368 3040 2433 2322 9853 7024 7610 4544 2647 8455 8591 7739 6432 884 6863 179 6219 9834 8789 9082 8165 8484 2516 966 4419 4131
29 2098 6543 4994 108 1558 9242 7349 4799 4931 323 7409 753 4906 5024 3771 3568 7431 3897 4051 536 6336 6087 5754 770 942 8736 9642 2781 5107
29 9191 9328 1359 7219 7976 813 8111 5170 4640 8123 4665 3743 3146 529 1621 9877 1341 3445 1775 4563 1570 3438 455 1958 2706 448 2969 2936 3818
30 3448 625 4805 1805 9735 1659 4627 4298 3420 3654 5843 3925 9127 6976 6484 7493 982 7206 2070 6900 1157 1475 1318 6260 5402 7107 9094 9152 4771 2103
22 3183 9037 2769 291 2036 4486 5784 9808 7419 4728 7213 4985 4602 4146 6104 6476 2662 7945 9849 8823 5275 9841
29 7136 5528 3201 434 8281 320 3830 6312 3648 8122 4021 6143 6006 1496 6726 5541 5236 4475 9518 6468 1699 195 3588 5725 2703 990 7921 4965 1298
28 719 957 523 915 3005 5117 4718 5167 9289 1610 2835 9664 4930 6502 7126 2757 303 5899 7943 6525 217 11 1841 1800 6532 9045 7861 7854
33 6812 4392 5134 9751 5423 8418 2745 9415 7745 1526 7771 3392 5998 2017 2171 4157 7033 5622 8425 4787 5431 4649 1394 6605 4816 1529 6631 5549 3328 3349 6217 6974 6511
27 6507 9913 3972 1037 4802 1855 4053 2439 5760 1326 4945 2857 2004 3983 8242 5539 5493 5495 7582 3178 7498 8522 5650 3148 3970 6133 9138
28 7782 6347 498 3811 5705 6167 1194 6097 4898 5963 510 345 3010 8915 1461 2527 8599 8313 4886 7254 6391 5319 8302 3547 2881 5698 4685 1508
31 5371 1660 6791 7251 2396 4252 9407 9184 5512 7105 3035 3548 249 6156 7013 6170 5098 3473 772 9199 2172 7113 2317 5243 6899 7411 4291 4412 7002 4526 6730
26 3016 3384 476 4088 5942 9699 9385 4050 7715 8791 8042 5508 546 6814 2354 5075 96 2484 8113 4932 2340 9523 8994 4702 4827 2634
28 6056 3025 7096 1437 6754 421 2746 3114 3619 9078 2843 313 4882 2852 9824 7491 4312 7750 7563 5893 4968 4908 426 5161 6269 2267 3531 6588
30 3440 8502 27 9361 968 3291 5883 930 901 6268 2522 2502 4132 6836 153 8200 2108 3184 7573 6193 7535 7293 6855 6579 7977 1874 6222 4197 6496 3059
27 3883 8468 7031 8434 667 6237 6520 5610 975 6473 2509 6707 5282 861 5135 9050 4893 5389 2362 3189 1455 7389 9377 5173 8712 617 3580
28 5832 9718 7394 4436 3367 3722 5052 5053 8944 8889 911 805 9931 6166 9617 4700 3890 8291 8822 6031 6733 1586 2483 8203 6327 6667 120 6542
26 9822 4671 275 9850 1909 9073 2048 5713 6519 9172 5887 3865 8602 8347 8752 9712 418 381 1619 3787 7339 2434 7280 3092 2985 1397
25 389 1186 2512 7351 653 8320 0 8642 4990 8824 5198 6741 3888 95 981 3418 3253 260 8102 8788 1393 2959 2556 1177 6627
28 2440 8366 8710 3519 9416 2394 209 7317 5769 3166 991 4565 403 7001 6433 9893 4924 7685 5328 6316 4150 4531 7617 4580 677 8918 4767 9600
36 1711 9498 8969 8324 5829 7180 4302 9350 6550 925 4292 4047 798 6018 8842 3461 3250 2387 6376 297 1346 7570 807 5979 3338 9472 6799 6335 8058 7542 5471 1615 7474 9860 3504 7348
36 3636 1641 9561 5952 5898 3350 8204 5224 7361 8645 9451 9317 8215 8159 7370 6471 1416 5040 3596 6759 3244 774 6381 3793 6158 8905 2884 2328 2269 5809 6972 1634 1022 4548 1315 7652
30 4611 7475 3763 2815 9980 8992 2840 679 6286 1127 9270 1118 1423 4124 6354 5395 2842 5993 9609 3470 4094 6199 4233 8951 2784 4664 9705 9398 5317 2565
24 5604 698 4757 2535 4250 5797 6437 4577 9704 7242 3026 3287 2047 8198 4441 1084 346 459 197 1815 3959 8105 8151 9770
28 3160 4501 7704 6578 170 4710 6485 3091 435 3192 4641 3565 9247 5118 799 669 8133 7023 5047 5722 7954 2190 9198 5091 6761 8792 8683 7471
29 3190 5370 49 7230 7845 1674 2021 2280 1988 9057 1147 6457 4829 1413 7733 5957 5043 6232 8312 3497 8863 8209 242 8622 5391 7156 3467 5928 8618
27 7674 626 7636 7416 5251 9391 4231 9183 530 8493 3313 5533 8482 1726 9011 2341 2181 3880 1955 4663 8888 1337 3015 7677 368 5178 647
27 691 7642 3929 2442 817 6912 9315 3427 4559 5793 3603 4383 2686 8650 1866 7622 6884 4202 1180 5888 6489 5342 7807 3601 5859 9697 2288
29 327 5147 352 8781 7295 5724 6304 6652 6296 2590 2887 8115 7973 2845 7075 7307 7200 7932 7217 9749 1335 8357 5316 2285 787 6783 5280 3748 2980
29 7245 2698 994 5771 3579 9129 6556 3335 3647 3989 5064 8604 8038 2939 5270 9757 1117 2839 6967 5111 3980 2597 8112 1626 1765 8272 5970 1367 2338
27 1826 3775 5965 3582 6869 1588 9165 5435 8506 2989 1166 9233 8348 9325 3043 5816 1101 1274 7594 4485 6569 9025 3207 9071 126 1793 4087
29 8172 5160 9038 1348 487 3866 1441 8454 7592 8150 8358 6893 9179 1879 522 3677 2695 8028 6400 9901 7504 1902 8045 6709 2514 3289 2273 3048 9604
24 9832 9117 1835 8445 7203 7910 3934 5278 5687 3055 8352 831 361 3109 3728 3566 8735 1989 5589 752 7094 5507 2901 6413
33 6130 8545 8364 1768 8875 5128 3259 6657 4350 5223 1836 2415 4520 1206 3290 1097 9845 539 557 9024 7795 6725 4357 9195 5283 9298 7657 6771 7490 2311 3653 9615 8631
29 8141 9764 6796 9219 7436 4313 6643 1917 3234 5329 9303 4218 4779 3896 131 2740 6512 241 6058 5444 4554 9715 8811 1682 8979 340 6561 819 5255
29 9601 8386 2399 2736 3702 4393 1340 2562 413 7082 7377 1919 6174 3054 7515 5662 1161 3433 8473 707 458 4729 9167 3706 6920 390 3366 8412 5738
25 8019 5492 502 779 1631 1300 5201 243 3850 4019 2643 9655 7247 9008 4819 9706 9965 3591 1005 1997 149 9759 9687 2532 2661
30 6613 9692 2332 8481 2244 4917 7144 8072 6280 1243 9725 266 5578 3456 1467 5752 6365 775 263 7353 4752 3773 1534 3022 661 7463 8986 5257 4364 9527
24 8995 8183 7402 9811 684 690 4356 6331 4579 6813 55 5909 8926 3344 6851 7155 1845 658 7749 9682 6053 5386 8290 4866
29 5482 5213 4239 7744 60 2633 4408 555 4089 3683 3398 4443 4667 8775 7167 1383 8667 7103 6132 4445 1628 9221 2427 44 7738 937 6189 1946 6246
25 8980 7855 5241 598 4001 8933 3299 5748 6567 4064 310 3269 5191 1927 6353 3261 1164 6071 7204 9602 3947 7287 9112 624 6625
33 8232 3247 8415 5237 1862 8049 4175 6057 9044 1310 6256 7334 4100 2859 6024 9455 5842 6861 5239 4310 6946 3419 8271 8869 1234 5004 5358 7666 9878 8846 6311 9723 7774
27 5455 6765 7650 6452 7944 6738 9425 9126 7345 7877 1176 1314 1171 6924 5825 5708 5697 1334 6107 3691 4209 3498 2115 8110 1503 7187 694
27 207 6640 6655 3844 952 7621 9622 4185 4785 2986 9497 6082 8334 7557 9810 112 2899 2453 1026 8881 8344 8962 4105 5375 3006 4539 7368
24 4119 1425 8026 9397 8293 2468 4975 190 5090 7614 532 1023 1102 7924 4470 6083 2650 6934 6080 6141 796 5877 4111 6596
29 7138 2381 8543 3417 3949 1009 4758 4588 5183 7374 6648 1280 664 815 6350 3639 9471 5060 9911 2023 1984 767 3990 9620 7453 9143 5734 8353 2668
30 2223 3832 5388 5077 9130 9190 4694 5176 7268 4591 3543 1929 4813 9935 1391 1195 812 2029 6505 8 3935 7274 3087 5792 2824 6534 6041 6881 6639 697
25 3425 5939 7569 8547 1776 5901 5925 3651 5878 8655 5382 2656 1870 4918 6706 8982 285 6020 2222 6801 8032 6988 7900 1653 5666
31 7080 6720 3501 4870 3855 3036 7375 4472 848 6531 6914 223 6829 8883 8780 2206 6621 1654 8491 3945 8704 5145 8451 2109 9291 4061 7705 9765 3468 4956 1766
30 6042 7047 2554 6871 82 2339 2058 9223 4478 1895 9231 1207 8760 83 3686 8871 3073 3869 2660 2639 3414 3768 9574 6848 808 3459 5936 1079 3444 1199
29 3187 8453 6319 7448 2418 273 6351 5868 8634 7379 5401 9153 7670 8008 6951 863 4317 1488 3960 5977 4786 488 8136 3163 1812 5032 7926 1551 1868
30 8598 2335 6117 8273 6125 2167 2609 6538 5510 6860 8055 6705 9780 2044 6337 989 4177 6607 5810 3007 8705 154 959 897 6355 1900 4741 5196 1027 2217
28 9861 4447 5938 3921 9378 9627 7201 9943 4044 6412 9593 2539 6115 7005 693 5978 4970 649 5927 3485 7646 4225 1162 3447 3111 4490 321 6537
28 526 8177 5555 7060 9708 6686 7768 8256 230 6263 4130 1320 8686 2967 8732 7673 3193 4706 6682 9000 5961 6548 880 88 235 4913 3956 7165
32 9145 4794 676 3443 7538 2536 1258 9491 9314 3340 1643 8967 1489 6298 7077 5972 2508 4125 1336 7628 8138 776 5089 708 5709 3135 2065 262 1943 2616 6332 5470
28 6340 3210 4481 1148 3264 8833 1229 4745 4724 5407 392 391 6590 2389 1873 7044 7888 5287 5399 5605 8091 3521 8188 8174 6447 9580 7907 3708
32 6096 7545 4701 6250 2860 5945 6566 6299 1222 1012 8251 5523 5059 9689 5441 3629 3065 8475 5378 9040 2492 4842 9237 6608 9605 1527 5677 7770 9030 6404 2530 2630
29 4904 9360 5613 6635 3953 7482 1055 6244 7748 2624 7484 7328 1585 1744 1905 6841 1832 8414 1584 3852 6307 3999 3933 8763 509 7856 3101 6810 7917
29 9392 6227 2202 9755 3762 8714 8178 2797 8322 1290 3846 3449 9334 2348 2283 2466 414 9017 7208 7372 4772 2875 9101 8606 8247 415 4954 4832 6898
24 9106 5195 2756 5020 4530 8328 4874 2097 4941 5701 5874 4226 3650 7437 8984 9746 6165 3725 6342 8576 9962 9586 4963 4644
29 586 4830 1893 6819 8234 3346 2136 4457 1971 2725 6999 3356 8435 1642 58 4839 3370 7081 6110 2490 4711 4022 2575 10 2405 5795 5543 8941 7207
28 1813 7609 6729 7244 4126 1677 7872 9798 363 5142 1680 258 710 6892 6462 1567 9103 5986 1116 9341 9449 7895 6838 8219 5398 6524 3901 7021
26 3042 5097 4259 1442 7952 5867 311 5935 51 8089 2276 2743 4414 7129 6527 1087 1476 6700 4102 9013 1331 2987 1580 7521 4058 5723
23 3516 8724 4338 2876 8872 7974 2622 5433 420 5314 6238 9490 2730 1504 5485 6724 7064 748 8202 8685 4984 2902 4978
32 7643 3877 8983 2963 1390 9831 1593 8679 6854 2303 3176 6609 5350 5497 412 6208 369 8529 583 5038 7684 3973 5620 2089 6702 9686 3842 1937 5559 6776 3062 5392
28 9049 6638 9131 7603 5949 289 4722 6295 5403 5550 2124 5290 7118 4417 2342 8497 9511 5267 5858 2958 4013 2883 5711 6495 7089 7593 1637 7796
29 1141 5703 9213 6879 8356 8733 1575 8609 4672 4004 5071 4262 9089 8437 9739 8142 920 2821 9596 8023 6526 4269 885 4505 7683 5344 4793 825 7063
23 6781 5955 5476 404 9907 2053 173 6163 5366 8878 4402 5027 2979 4843 4738 7040 6054 6004 4154 5872 442 2737 3080
27 4523 8184 1364 8717 7723 1133 4137 8603 5070 8859 8989 3321 1494 751 2193 514 440 9807 1075 7497 3864 695 818 3734 8640 8479 1651
36 6570 5354 9446 9756 5116 7087 7412 2744 4048 2917 5369 9339 6715 59 4284 2314 178 1662 4332 5076 9209 7889 4645 5003 2726 657 9132 3577 113 3998 5110 8893 8891 9968 6598 5211
25 9435 5041 1113 8052 4391 2920 5587 9006 8862 4316 2463 7682 3137 3641 4847 1741 9016 9519 2503 3084 1378 1798 6266 1559 9724
24 3875 5233 3471 7496 2135 220 7675 4263 6872 7672 2148 7532 1856 6362 5242 1625 3397 9503 9020 2214 3197 2467 1864 4347
28 7851 7297 726 4807 3260 8282 7790 4969 9949 3774 7811 8976 7072 1552 7700 5013 8827 5463 8059 6254 4255 8515 6201 8935 2385 1010 5953 7936
30 2849 7380 2253 6681 9874 7185 8285 3556 1882 3802 3362 8296 567 8384 7586 8942 9264 1848 8119 9266 6875 5034 8301 3115 6455 8716 1974 5812 7804 6135
26 9141 558 6152 7191 5313 35 8463 1897 219 6225 1589 1046 5479 1502 7083 9009 8229 8635 8179 5521 2422 9423 5915 2215 5227 7555
29 7320 1468 4091 874 7020 678 3318 4395 4452 2281 7661 2030 822 123 2534 1894 4328 8461 5419 3142 3564 6536 7301 7128 8535 5459 9698 5054 7540
29 3660 159 3937 1751 7335 9286 6016 2106 6747 1839 4031 1189 2763 84 5828 7104 639 7909 8720 4894 4626 3523 1646 7461 3559 3045 4698 6149 2497
27 9488 7639 5197 6756 6794 456 4134 4025 1304 1852 1226 6954 7312 1530 8175 2110 4572 2816 4308 2529 9950 4020 2345 24 6371 5836 8629
33 681 6683 7638 1410 3620 4629 7149 6212 2247 1485 8728 2426 1044 9844 7953 1052 6998 1789 8259 6469 6023 9271 4709 9684 520 2905 7052 859 7166 9023 5621 8898 9741
24 6885 7984 3312 9785 5181 8526 3182 5253 2552 560 7645 2610 9043 7310 756 8403 4206 3624 7857 9201 8708 8068 8539 4037
31 3766 2864 8934 5632 6922 236 250 9182 106 8154 9883 4241 1630 7340 8666 32 559 7564 5154 5272 5750 7627 2471 5922 1497 6273 6713 2834 5491 9161 1289
29 9581 3878 810 3682 2350 7367 4165 73 2429 9795 1759 6523 7037 7525 4612 9261 5202 3674 1840 56 7848 3263 9926 1953 8433 5615 2275 7319 511
28 8858 1833 7787 2000 9224 9123 1016 2992 2591 6615 6084 7761 3863 8734 781 3646 4424 830 8171 3245 8457 5321 5607 9879 6774 4287 9452 7820
28 1579 2156 2517 2090 5608 2069 3679 69 2752 338 5499 4734 1767 4334 8222 5839 4378 5643 3231 1806 6894 827 7905 8555 3406 3522 4512 9827
28 1111 6461 8919 1278 9752 7381 473 7405 3785 3670 9855 6010 1294 8422 7378 1673 4406 1523 9614 3475 4854 5203 1481 8965 251 172 1150 3334
35 4182 377 7487 8431 5881 2323 6703 513 6215 8974 4204 8047 5488 4425 7025 5152 7099 9430 8031 999 5755 9426 5773 2602 3788 6126 4613 3729 6324 1486 8416 8589 9296 6179 4188
30 5835 528 6168 4018 232 3669 4809 200 3545 5951 7873 5259 9177 2549 7438 7428 3255 2515 944 945 1528 142 5981 8902 9253 7991 7261 8062 6017 6575
31 8078 1312 8513 6748 4200 1093 2637 1944 5168 6824 8511 9839 7387 2913 6763 877 2666 4072 9630 5806 2270 2598 7797 727 8738 6887 5560 4811 9869 6626 9510
23 3709 7329 6504 6099 6205 4385 3675 1248 7727 8144 5766 832 5477 9999 7635 5139 5743 5452 1546 2990 1820 6442 1212
25 2600 8698 3656 9646 9816 81 662 7931 7955 5514 9502 115 7346 5214 5199 9487 6736 9516 1438 988 9108 4042 3355 4897 6804
31 9321 2265 3104 612 4996 3410 2775 1487 7369 8541 1233 868 5309 1214 8665 7388 2369 917 6384 1013 1231 9946 3792 9086 6501 1061 9788 5526 9866 7806 7134
29 2863 3704 3991 7481 2930 2258 2838 9437 7755 4900 7401 7802 2325 5830 9769 5786 4207 7994 4861 4464 3140 8998 8388 9004 2691 860 9767 6320 8932
27 4960 9440 89 3331 5522 8381 4387 4017 4201 7838 428 6375 1063 5924 6106 6039 3751 4536 5558 1869 5819 6533 9244 3816 9650 4875 1635
31 5919 9155 7030 9441 5675 3064 2239 62 8831 2531 2950 6874 7916 2646 1168 8505 6510 3003 7725 86 3567 7591 97 8430 543 6239 9637 2567 4699 119 3436
31 7427 8669 8170 5917 2715 1614 8765 1412 2499 5900 6364 2891 6114 6996 99 938 7630 8333 2806 1684 8208 8580 1357 9945 349 1790 3237 621 8776 4923 5284
23 7662 8121 416 4480 906 5148 1095 3541 7840 9149 9548 5018 8536 9389 3853 1910 9639 9649 9631 1479 6377 9847 3116
30 9180 1753 5673 6668 405 3575 9079 5680 784 4307 2680 8238 1749 4212 133 1029 9355 7499 5357 3372 5094 4675 1447 8527 6818 196 8582 8744 3071 6632
32 4114 8128 4796 9584 7969 4560 2401 9229 5159 4095 3402 1163 6993 9672 6904 6079 8480 4162 4023 4991 8856 5762 9508 2732 3510 1947 480 2123 3381 946 6656 849
27 570 6671 910 2469 9817 8549 7086 4487 5822 7671 1692 4844 4873 3147 7612 2560 1598 2307 355 122 6886 6517 7480 9572 7192 5774 98
25 9543 1125 8073 3781 7986 375 5671 3625 8398 4163 1329 5834 4423 3525 6758 1058 1008 4528 1232 351 1287 1967 7174 5930 3642
21 6392 3169 1590 2304 6275 9963 6618 4566 8476 5292 1458 494 2447 9671 7333 3077 2641 4537 8955 6012 1875
23 2851 6982 7695 4650 7084 8910 1770 841 135 5412 4180 2739 6048 1224 7079 4719 8419 7041 6067 5715 6293 882 5021
27 4753 3482 9966 3524 3380 1794 2642 4273 9675 7038 3481 5304 6085 3094 9996 633 4496 1732 3822 4670 7302 9305 3627 2953 5685 9431 4678
22 1999 5967 5387 1049 309 6551 1657 5757 8874 9818 7009 1853 8972 6403 8804 9801 7821 6108 3838 9353 3404 8805
32 4967 9243 9695 4937 2767 2147 7327 7278 1730 1096 8147 4732 2720 5847 9068 2082 9902 264 3129 8837 9480 7624 246 1696 2363 7048 6415 8928 9330 1690 537 75
28 5588 474 3630 422 6985 185 9133 3388 8040 4726 4140 2052 9703 1695 9370 1914 6742 3535 1931 7447 6777 401 6290 9886 7544 2306 2895 6787
31 3873 1817 5537 9956 5226 7383 605 8257 6267 2983 5763 4062 1708 1182 2780 4074 2372 3067 9674 8563 9386 1041 8014 5686 9924 9582 9113 3931 9388 2879 1363
29 8044 2847 6416 1745 9115 3881 2298 9975 3429 1883 6357 7284 8907 1698 1103 2741 5594 6494 4653 4211 9938 8071 7567 983 8018 7726 5736 845 8636
33 9351 90 2793 4169 7442 9258 5693 8417 9546 5875 2679 3254 7651 9087 9677 4992 7298 1070 8283 1511 4493 7476 8230 7874 1463 7145 8427 7998 2627 9927 3345 6650 969
30 8346 7581 2252 6005 1462 606 3984 3037 409 2055 4168 5289 5664 5450 6483 6624 449 2697 905 348 7507 8570 433 5250 1714 9904 9003 2213 2367 7417
33 8849 280 9820 1140 7864 8438 3396 879 4567 9394 484 8627 6795 6188 3277 292 9081 8621 5356 2653 7881 3885 3378 5061 9234 9840 2079 7714 2203 2904 6842 8167 519
24 175 1247 2005 9559 2013 5714 9898 6277 686 7237 866 2077 8221 2488 7398 728 3221 312 399 3239 5215 1916 2431 7010
25 5014 8896 1491 6864 1421 4933 4628 3300 3882 9973 9983 6665 7112 5006 8990 386 1213 2473 1043 5087 5902 3542 737 5678 6663
29 660 1704 5113 3476 6407 7177 2221 8375 964 5861 1092 3494 5694 8507 6272 4633 5095 6380 5037 8702 3162 9920 6019 2729 6181 7951 9971 1268 6422
25 3387 5966 432 2747 7016 8410 7561 5312 1317 2629 3454 6882 6601 1771 2837 5730 1613 100 3900 3307 7465 8922 7734 2776 5418
29 6197 4246 7183 5207 5263 3139 6292 908 5619 2409 74 7812 7062 9842 9857 5411 8148 6768 9530 6349 7736 4651 1311 3943 7508 4872 788 3555 7722
33 3491 9447 5049 544 1863 1758 4082 5126 7719 499 2470 2061 4888 8369 3020 1650 3199 8436 6398 6545 5484 325 4604 4781 3032 5785 9789 5665 8554 4337 5586 5372 5361
27 3831 188 8327 3537 2391 1174 5301 4289 6344 5601 7706 7766 7056 5720 6698 1169 3408 2941 3916 6880 9379 1277 8241 843 1323 3826 7641
28 6423 9104 9352 3764 4314 2710 164 1411 9658 2068 6674 9228 2019 2671 254 4129 5590 7585 9144 1230 1510 5576 2374 3224 8749 4592 1533 5823
31 3363 2417 8299 2607 5472 3951 9097 8924 4116 2489 3195 8469 8668 203 6574 54 5442 1459 9135 3377 9421 618 7964 1251 3070 7505 8981 8487 7839 6843 7527
28 8097 8590 7611 6459 7147 9773 704 8442 2771 4247 1104 4818 7059 7792 6426 9570 5464 8537 7098 3000 1153 6139 6577 4762 3872 6264 470 3227
27 8424 1807 5244 8462 7393 4325 1007 9760 2355 3393 4669 4570 3824 1246 8947 6984 2932 921 4463 1811 1305 7152 6028 3024 2952 8194 5638
30 934 1377 3640 2305 7579 3898 2912 6826 1932 5772 8700 2802 301 3839 4723 1456 6466 6938 8868 329 9313 9722 7252 3995 2694 5946 7713 3760 6271 5644
28 8786 4433 8778 294 3804 9585 6393 3086 8499 2735 7000 8538 2977 7948 2300 2564 7762 5164 7057 1979 1129 6040 1981 396 1369 3829 1921 7414
32 9714 3492 8835 9304 5456 4739 949 6427 2853 9990 8004 9835 5096 6456 8801 5438 7344 5220 9344 9681 903 1156 7732 2458 4029 6917 5657 2721 9208 5729 6235 3634
31 1769 94 6980 5156 460 1907 610 6274 7142 9220 8588 5121 4101 9466 5073 2032 9668 7159 302 7189 1710 483 1159 2196 8456 1957 3940 6303 7371 7608 4275
27 295 1130 6151 479 4607 9721 8673 3544 5222 8677 9072 1261 9716 4240 5631 4770 853 5933 5753 2669 6909 2667 6358 6798 8236 7294 2623
26 3922 8090 8406 5984 5461 3455 9549 4828 8649 8289 7257 2120 8722 5606 278 5827 2174 5421 6467 5341 4790 1930 730 2031 7978 1773
22 7277 6770 3643 7253 9790 6866 2132 1564 9862 3685 3609 7196 17 1733 2081 3924 7055 2104 6916 3664 5050 6148
29 2805 8404 3333 7742 158 4730 308 8365 2403 5425 6138 545 5770 9464 580 7271 2972 842 9928 7550 9245 4324 3374 8742 4746 3710 2911 696 1099
29 7937 2813 2384 8615 7430 6859 4550 4575 1370 6711 4857 5647 9654 2092 7288 1392 5758 3662 8866 5123 4513 7403 8428 8706 3351 6921 8077 6157 9932
33 3592 7132 1415 9227 5669 659 4910 2166 9027 5706 2301 2313 9436 6015 5035 1723 5137 6728 8185 5808 7681 1906 2026 9985 9432 3862 3469 2336 4993 2250 7154 6169 2925
29 4071 3265 5583 5112 3306 4400 4156 3755 5348 5759 2707 4638 9964 2818 4081 5132 3152 388 471 9528 4763 7640 8600 4283 6602 5702 5805 287 2406
30 1408 5524 4543 3302 2640 6516 4304 6676 8000 3835 4504 1405 3251 9217 7018 9312 2043 6962 2684 6120 8997 847 9102 2655 5155 2072 8043 3993 4775 6091
30 8220 3076 2954 4415 6313 2569 6779 5637 1725 871 8617 9871 339 9959 4276 3211 9823 7410 9676 8379 5338 3658 9496 2443 8393 651 4695 4791 977 6090
27 4398 3235 8740 2940 1505 4867 3479 3821 4272 8808 1292 8446 3759 5962 5718 6786 9683 4453 9944 913 5684 5221 1449 7246 4586 4063 6301
26 6424 6897 554 8118 6363 3744 2801 1735 1120 2799 4223 609 6044 9673 3571 3327 2723 2696 7034 3861 374 9865 20 4890 4708 6202
34 7653 6154 128 9128 9967 4948 9477 8022 5105 8486 2722 6233 3379 7466 300 3284 3317 4598 6418 3672 8226 9046 1286 8525 1757 6529 2605 9468 9813 892 5276 6830 7049 7264
30 152 5564 4769 6936 9175 9384 357 5525 5166 319 4117 2960 525 168 4032 7701 623 1536 4525 8757 1480 5362 2628 8079 5019 8838 1594 3583 1550 8879
21 4115 4065 6931 7752 1380 6710 8569 4938 4691 7131 5803 512 2315 2975 2580 7255 1202 3712 3493 3906 7153
28 577 9826 2524 3696 1076 6731 7464 572 3803 8518 6630 9500 8294 3721 7884 1706 5648 8847 4035 3550 9566 1814 8772 2938 31 467 1678 8265
31 5057 8546 9443 8657 6623 3177 3623 593 397 5580 4377 6162 1028 1694 4914 3893 1188 3463 3814 7999 4187 4159 151 5932 7717 749 65 8596 8819 212 3810
28 8057 7613 4397 5008 8927 5031 2353 1681 9915 8834 794 8848 9781 3320 9092 9365 1830 7778 6617 7181 5385 7495 2210 932 2302 464 3173 3570
25 3216 6687 4151 9428 5022 9864 7163 5355 4679 1622 4533 6187 7058 5943 5394 3594 4806 137 963 632 517 3308 5845 836 5987
30 4078 8492 8977 7798 8053 3716 6379 2238 6419 1555 1671 8628 3515 9278 4045 4371 7779 4164 8082 3371 6691 725 9608 3426 6076 1474 5569 9748 6546 2518
28 7914 8579 8152 3462 7116 53 9665 1151 5862 6472 3110 1069 1933 5974 2657 7171 5731 5001 9070 2192 7825 5623 267 3023 7524 1181 2807 4977
30 3249 1925 9589 1205 4926 6966 4278 5353 7866 9495 3777 4647 6378 2617 1409 1457 8373 8217 1033 7314 9028 6420 1443 4999 4366 79 1464 2143 6480 9343
30 5465 3701 1756 1283 8494 6978 8993 6276 5474 790 5311 4952 92 5947 8135 4054 3884 631 8825 7193 3309 6465 2360 2559 6325 8060 6161 1607 265 1154
33 1587 4634 3027 4217 6563 1923 5863 9533 8076 8517 3678 1683 2943 2826 4511 5265 7012 7757 9323 1780 7632 9846 9294 8452 3597 4569 5515 8146 1629 1399 1791 4871 7364
29 7584 7539 6888 8890 4716 221 1784 7356 8914 252 2176 8013 6252 5869 7088 8688 2292 9162 3252 3874 4121 6209 1685 1281 7396 7858 3796 5618 8696
24 4852 9031 5846 6003 4311 4248 1042 6359 3724 9203 3797 7785 8899 1144 1490 2882 4780 9269 8126 7019 2844 6573 6435 6014
35 5798 5149 8797 4219 7109 8277 6622 7117 9338 6675 1269 2078 2548 8861 6182 5067 7053 1886 9465 4498 9337 5923 7051 4203 7913 8474 3081 3859 8559 439 6397 5844 4707 7947 7559
29 6190 7011 5483 9120 4227 1612 1004 9461 670 3336 4028 9372 9906 3488 1972 3028 6220 9295 6827 8524 1513 7501 6560 9766 5985 497 6633 4540 5690
24 1572 4122 5349 4834 2101 7878 3185 1098 1074 7983 5913 4090 5695 4113 4693 5422 9521 3230 7665 8632 3727 8830 4268 6173
30 8709 8286 736 6790 2966 8711 2770 3281 4194 2320 3506 7824 1742 6735 1667 5519 2631 5248 7273 4299 9896 4399 2898 7548 2102 783 1470 127 3106 9768
28 5500 656 1192 1700 4587 1236 3854 380 290 1899 4456 3849 8255 6175 5642 7365 5692 4439 118 3673 7101 5996 8637 427 4895 1540 6390 2681
25 78 816 6778 780 6753 3573 793 1849 7267 6388 5048 1137 14 6009 507 3737 6346 9775 469 4267 735 5232 9064 6680 6172
25 9189 6956 3533 8592 3867 9754 408 8532 4264 4782 9300 8901 6977 9717 9647 2460 9230 5745 3593 5300 4608 8061 7764 9544 9346
29 1717 2351 563 7890 4476 6580 6752 1167 7202 1039 7336 6098 6129 1308 2326 2727 6877 744 2164 2402 6127 1940 9357 3002 3527 3196 1801 6952 2107
31 8544 8903 3694 6102 9033 6123 1344 8441 4413 8325 7122 4290 7941 8963 8149 7130 2010 169 4750 2379 2344 7959 7420 8676 3613 3688 344 12 7470 2956 6491
26 7633 8971 191 961 5182 2519 8798 3711 9889 881 1389 3923 895 6629 2312 9551 8703 8361 6477 186 4326 2261 5870 3218 870 2791
26 4804 1187 8227 9732 5566 5308 8584 3001 7359 4055 2931 642 1960 2589 3096 5546 4549 1640 6528 7971 5172 1112 3938 7050 7934 9255
33 9014 4662 3534 7161 9268 8957 5916 8553 4545 4003 1020 1395 2685 6508 4420 1892 3401 270 6953 6124 5246 4742 1201 1569 8923 3823 8010 4468 2491 5582 8895 6142 3399
30 5046 1271 6595 450 8745 5940 7957 4076 8737 2027 7468 8466 1861 4375 4343 6743 5737 9021 1366 7963 1356 1381 8252 4369 1119 3274 3161 2349 3876 6479
30 7148 7216 4238 6699 6973 6444 238 8920 8840 9067 6552 1483 3220 3753 6078 6334 7808 4404 4987 6064 1844 2455 8853 857 2398 4271 7106 7435 2481 2007
27 3423 8568 7115 2003 3557 4553 9406 1149 6740 4396 8131 8260 6948 7363 3512 2333 4056 9644 867 5663 1843 8157 4296 9335 2498 556 5065
30 1048 9742 3503 9891 1985 7668 6007 4282 8828 3912 7784 3105 6183 6612 5761 382 1439 4106 248 6734 4778 8064 2356 614 1978 9863 8731 637 2386 4747
30 9413 1066 7528 1913 1521 1440 2674 685 4306 5322 3078 5791 5894 4294 9923 3920 6453 2364 461 3621 1992 6805 1827 2566 8818 692 9463 3645 9607 8314
22 13 8432 3987 9095 8991 5010 4446 5420 2416 4599 4288 9729 2407 8643 2277 4558 2856 8084 6932 8268 5204 6835
27 2586 1752 1407 4152 1592 6744 437 7462 5592 5106 8855 4601 4986 6228 6846 955 5331 3031 5458 7814 3561 3994 1716 1333 5787 6094 7805
28 9168 1492 6294 6889 3757 489 771 4444 3794 5404 2408 8512 6544 5379 3301 1571 7829 1702 1729 155 5992 9306 5120 9524 4228 2170 4940 3517
29 9111 2163 4057 9236 3295 4655 4009 1969 2346 3205 2613 9499 2892 7765 6171 1460 2316 9280 8675 5346 2216 8444 9137 2461 4000 7440 9099 7938 5044
29 6808 8961 1040 3903 7543 2555 7980 2868 4083 4431 3435 4215 4128 8882 8051 1057 887 5841 8056 3915 5494 2934 4319 6833 6762 8585 4345 277 3082
30 2378 4303 314 1670 5794 2755 6677 6868 4495 3741 9324 2183 1158 1002 5405 9287 7962 6338 7676 5799 8098 3966 5141 4848 809 8343 9912 7731 5432 3870
28 1109 3119 3460 5298 5318 6616 996 3100 4370 1872 6586 8552 1126 6945 8762 5982 8519 7225 2022 6458 5544 9369 2865 9953 9476 5231 2099 1627
30 2209 3827 9366 3316 9899 6554 792 466 9854 4542 7776 3955 4689 1056 5504 838 6837 2231 6963 5393 672 4920 423 7197 2282 6022 9542 3074 2561 3375
35 962 1599 1512 3181 2152 9606 9273 3323 9761 8368 7065 7045 7407 1825 3635 1091 406 376 9763 6147 1535 4740 3088 1823 8795 2361 5892 9225 2638 4416 7281 6203 3962 8402 4690
27 8099 1035 5503 6928 5855 6278 1203 7338 888 2538 4374 5352 6429 680 5727 2187 6396 9174 1471 1850 1949 3572 4039 8845 145 5551 9154
24 7426 6425 7331 1025 7691 8389 3156 8258 7753 7958 1920 6721 3180 2445 9998 7956 7562 9680 4320 4840 2789 8774 3913 3595
29 6950 2365 7120 7151 5229 703 9238 9762 110 7068 8659 8956 6878 2056 1885 4167 9427 4534 6839 4846 6401 2002 2162 7376 4367 3988 3719 9786 7260
33 1574 4469 5903 7982 3735 3150 1737 9462 117 9994 1307 9634 9375 3194 2699 7157 6873 9091 6226 6530 3891 9897 9142 890 4620 7512 5660 7810 1015 5489 5481 2249 5208
27 4760 2452 7566 6046 4573 7488 5188 7110 2774 6535 878 9750 916 245 6807 4541 976 6043 1343 4744 7224 6619 1227 4947 6737 1778 4964
29 9159 534 1712 8885 5612 979 8006 6522 565 4774 5428 2973 4862 4676 2889 803 6965 1903 8767 7 4755 876 4979 4459 2501 166 4353 2157 7887
28 8946 5535 6200 3149 1220 2236 8176 2748 3439 7869 7036 9917 1402 9792 3437 1887 6417 8300 28 5656 206 9374 7342 486 5466 7968 8514 4329
30 4764 9284 9727 5934 2578 2126 7637 6128 8646 8460 1871 6847 360 4519 2397 6025 855 4551 5775 1225 8107 8839 1273 2733 8729 6289 4688 4384 8945 2994
29 1808 328 5069 7698 1822 4181 8727 6361 9059 356 1419 8815 331 6684 1146 4776 8087 8420 2997 7826 3342 1945 723 50 7619 3948 7100 6960 8816
30 1577 2330 8027 9669 6242 6027 5138 6369 3587 8182 9420 9110 4127 3563 6719 7146 2872 9066 4557 912 244 3206 5011 4155 9576 3014 9293 9731 5779 7502
24 306 6231 2768 8970 939 8001 7629 7522 8813 3415 9411 4027 2521 6964 4234 3526 4427 4362 4783 9667 9900 5780 5789 6405
28 9888 1846 5324 5129 5171 3847 2762 1420 468 6856 7195 4547 7663 2761 2424 8796 4934 1 6689 6394 3509 8160 2796 5937 2268 9573 7996 8311
26 4077 9743 7421 40 5895 931 2018 9848 7316 3229 2651 2897 2465 9279 8109 2060 1114 8210 716 7095 8508 8485 4666 7930 7903 9204
26 138 9251 1644 2873 3019 3297 2207 8652 6927 5661 9250 1401 1636 9483 9560 444 5655 5099 1922 9859 1583 8779 6503 9438 6587 496
30 4322 7382 7793 2649 3099 8237 6658 7489 8292 7078 1219 7743 332 1618 2390 213 1047 2245 7027 3337 9333 9514 1951 3930 1115 6637 2620 4339 7315 6065
33 2672 3968 2795 8870 130 721 4096 7347 6817 3341 9442 472 9363 7355 8691 3806 7859 7831 4373 6075 9387 2425 7210 7975 4451 6870 2621 821 3352 891 3030 283 5486
30 4466 1573 5941 928 5896 9745 383 5502 2083 3742 9793 7596 1948 337 3978 183 4438 1781 2128 9730 6270 4073 6066 9074 581 2572 8953 9829 7422 7456
28 3815 4507 3044 9636 9322 5307 365 5556 2289 2689 1301 9690 8391 6693 4179 3828 2237 7615 650 6589 6196 5873 6911 7289 1279 8658 8317 8180
26 666 9445 5136 3560 3050 7992 785 6844 3090 4341 1688 2760 4564 6941 729 4421 3837 5640 1884 5866 9210 2978 714 2942 3918 7534
29 6845 553 6961 5005 7408 2782 1238 8528 6329 5490 5175 5169 1172 600 4448 8355 8190 3927 6940 9929 104 3689 1031 5380 6251 5430 9164 2456 8114
24 4768 811 896 8699 8751 1217 9961 2687 2601 7135 8284 2033 947 6306 8041 2112 6373 5449 9181 2197 7616 8164 852 9643
31 602 1204 2583 6890 3746 2701 2057 4358 2728 1193 9093 1256 3484 1709 3121 1544 3502 1774 1353 7124 8996 1216 5807 5364 3676 9364 3996 7601 641 7424 722
30 9988 2091 3171 2037 919 8746 6112 8687 1980 161 9187 2645 7853 9507 8614 3325 268 8800 4972 2861 4198 8280 3626 732 9001 575 8501 8619 6647 9558
34 9890 7229 2830 7006 2855 9685 3172 8936 1994 8897 3465 1602 4432 7664 718 1915 2495 7300 777 6406 3382 7238 1664 6611 5056 180 591 3217 1155 7169 4012 5294 4437 7178
29 42 9925 5914 1499 9484 5857 7296 3604 9660 5781 2255 3124 603 5093 4883 9469 7813 7879 6247 7547 9541 3413 2437 9022 4008 1975 4224 1727 9914
27 7324 1143 6493 6211 5742 550 5904 3280 7071 7039 7560 198 2982 3799 1351 6487 1743 4982 6070 1110 3483 6751 4479 2119 7004 9481 411
30 3233 2765 1424 5462 6374 3536 5416 1282 3513 4079 4833 1889 1524 237 4925 6399 1170 4471 5971 4623 4654 8199 7325 1078 9905 7518 1655 1211 3529 2436
30 4473 6557 8447 7042 3707 8954 8564 7960 8349 2142 3069 7942 5699 1436 1829 8279 5268 9297 4010 8973 3749 296 8088 2294 2063 1576 2448 8228 3038 8385
29 7735 929 3632 4878 3899 2506 2137 2138 6634 8249 619 7472 9529 5480 7404 189 1453 6492 8269 9171 2347 898 9978 1316 453 574 6498 4254 5674
22 395 9506 7232 4355 3858 1797 4281 5811 8721 7860 6591 998 7626 2754 3539 8048 7862 6101 5180 6832 6052 7322
39 4974 8730 3505 9787 4909 6410 6822 4093 7605 5390 5384 6185 5192 8145 8938 8371 2903 2220 210 713 7558 4232 4555 4103 2319 9316 3690 7780 4220 8557 8326 1633 7332 3451 6821 8298 7841 4418 8909
31 4935 6257 5185 7769 1996 8641 4500 1516 6033 7935 6581 4295 2811 2551 4080 7514 6326 3790 3732 5630 6333 7904 3200 828 441 2819 6506 3305 4135 2585 5273
26 2823 5262 5740 3126 1293 6409 3212 7450 5249 6780 918 2970 4335 6802 3329 7262 8662 7211 7140 372 7517 1071 764 6732 1990 4576
22 746 5383 4166 4808 288 6421 3667 5177 8793 893 9332 2998 643 66 3928 763 8354 9399 6103 2046 516 4881
24 7418 8565 4442 5360 9362 739 5749 2178 3834 5817 844 7556 1616 324 524 4879 272 9062 3154 3157 451 2075 7697 9556
30 102 4632 7516 1267 5726 740 134 1433 7455 7925 6672 3298 3795 9207 3175 4148 6521 3971 398 705 1748 5641 9373 1107 5381 2383 6356 2329 8132 4331
29 3902 8607 7946 5815 3680 675 174 974 9908 2040 7007 4748 7587 30 2125 4955 3552 2910 4618 165 6118 6825 9036 6317 9065 2257 1263 6722 2810
24 1788 1330 6092 9836 5860 3272 2039 576 7473 3273 5332 1963 3458 8321 9083 7446 364 7600 2626 9633 9894 1672 3403 2494
25 1386 3075 8339 1926 9590 184 2179 6160 833 7928 6449 7990 7321 2006 645 2200 6288 4359 2449 2377 6981 4631 4615 6008 7568
31 6229 7511 8850 5908 1809 5258 4192 9825 2129 6547 3158 2595 9368 7531 8821 909 3441 8908 3004 2592 4330 5929 9048 8719 9205 2751 6704 1939 5609 7066 8887
25 4801 6021 1942 227 6664 5826 3122 3486 5496 2373 6206 4546 1452 7069 4704 5651 3789 4971 5217 8985 8556 6086 7164 2067 2719
25 9696 8561 3288 3693 8503 2614 7667 3703 385 6764 465 5440 2946 3464 1783 6302 5340 9473 6685 3428 8021 9331 5359 6673 711
27 1965 5837 3179 9992 850 9150 795 9494 800 9737 886 7400 4344 9414 9002 4258 354 2045 864 201 160 1731 2976 9041 2008 1739 4625
25 1472 9288 5532 2693 4715 1241 3267 2673 7896 2161 8206 7939 1003 5072 7898 588 5103 742 3738 8030 5184 9934 6074 362 9895
30 445 1842 7529 7929 8540 1123 9489 402 2334 5457 6559 1032 384 1371 5890 1796 1761 3723 7236 3068 9922 8303 3052 4253 1687 9063 5719 1877 3120 3422
29 4141 9460 5653 8297 9592 2430 3238 1165 7061 6562 902 4885 9056 2547 7108 3134 3246 1142 2278 6905 370 46 7530 9661 1834 192 7837 8360 5707
33 4189 1539 3496 8399 5865 3612 9629 1373 8873 4251 3745 1792 7875 1045 4823 7459 7919 4855 9122 2299 7127 1582 9226 4849 6926 3257 5624 7228 8363 5548 7772 5042 1445
32 4661 5326 7175 1339 9930 2145 1597 2049 5744 9599 2232 789 6385 3892 2382 4160 6540 5880 4911 508 7070 1090 3093 7686 8163 6661 8672 4346 5667 2594 7655 7272
29 9371 8383 5973 16 1890 5436 1898 87 7415 4856 1309 76 7549 1847 9060 3599 8975 1376 7093 9429 4142 3223 8521 8633 754 856 1881 936 6055
27 8595 1556 350 5668 873 738 4903 5079 1821 431 7876 4401 359 3136 5716 8124 2593 3085 8016 454 1478 3578 2926 5536 8092 5562 5240
26 7256 9246 1831 4766 8134 5153 9052 5460 171 3836 7842 7513 4145 7243 1747 9448 5627 7961 4863 1432 8531 2160 6907 9347 5635 4594
32 671 8125 3322 8820 8681 1547 8264 4864 8245 4988 5291 2705 3926 8254 8498 1469 3319 6739 9758 1649 2750 1722 2486 146 5190 5408 2211 4680 8959 5007 3143 4901
27 5062 2191 8952 6925 5086 5144 9856 2410 6584 5700 4792 21 3986 8857 3416 3585 604 8773 8587 9779 4285 8342 4265 1254 1404 7553 5453
34 6603 7397 2012 8261 9096 8108 6221 1064 5293 8309 7291 4687 4136 5905 4713 7696 6749 6692 8362 7758 2798 226 4016 6095 1362 8359 2117 5225 7551 5527 7631 8715 2678 8694
28 3236 6265 2482 4824 9702 4186 8966 4514 3348 3715 4489 1493 1128 6137 1145 3108 5505 8843 5617 3776 6788 9656 5824 823 6797 717 9579 7654
32 2414 5467 26 6150 571 2279 8093 8572 177 8912 1837 5279 4869 8611 3622 3981 5581 2015 3499 9077 4648 5212 2988 7241 6285 8785 9146 114 5629 2848 1473 9163
28 3590 8315 9248 3551 6935 2906 2352 6341 7751 926 1477 1668 2050 8755 986 2682 7114 6100 492 52 759 495 7250 298 7972 7386 6029 5216
34 2652 3772 6970 1860 1520 7625 1604 7526 3558 6470 4190 2955 9090 6585 7589 6716 3747 4109 6180 3204 4085 2700 3394 136 8173 1086 5538 9679 9613 4561 5948 4502 2582 3021
26 7828 7186 6062 9868 7648 3671 6105 2337 6037 1867 2262 259 7588 9256 9552 4351 5565 2411 307 7940 1072 7967 3219 4297 2716 4585
29 2182 8948 6474 2085 8697 8766 590 1865 3500 2513 7863 9628 8509 5800 7199 8578 101 7823 923 72 8930 2180 8748 7445 1669 8542 2523 6969 9837
25 8551 3511 3765 1429 768 1245 3480 1532 5055 3791 2116 2014 5230 8095 3293 9597 6641 8408 3910 4905 7970 5960 2493 2155 582
30 5777 6785 6475 6463 1560 6348 1138 7880 6971 1218 7352 7188 7949 4603 7656 8534 7510 6035 4668 4007 6194 7818 3699 8648 4681 7457 2264 3663 3285 7899
27 4052 5130 7979 144 5553 1051 8701 5682 1160 1541 2194 4229 9173 9311 3495 2462 2419 1578 7783 8340 5025 6281 3848 4927 4973 6755 7533
28 9340 2713 1196 7458 5910 5051 1740 1342 8262 9771 7906 8558 2817 2225 758 2663 8054 5871 7182 2553 2376 640 4138 2571 5092 2968 503 419
26 5552 4107 6992 7922 8083 5585 5654 5683 6395 4589 5012 4178 6460 4749 1094 5540 9169 2173 326 8380 6679 3687 9774 7399 6942 1596
32 7901 773 8205 6959 5545 5534 4195 1276 5796 5596 5739 1081 7091 4582 8661 858 8066 1482 984 4340 8310 5853 3466 3965 7198 7920 29 9450 4798 6823 518 7577
28 2648 9662 702 4535 1024 6000 9504 3528 2738 5302 6750 569 3798 1962 4583 6696 6991 2327 5252 5415 1901 7311 6840 6541 4038 6011 8409 7194
30 993 9282 1038 1100 3391 3851 150 980 8316 3908 7032 9249 2080 2204 9359 9876 9424 4434 3805 2113 3718 6383 139 1617 2476 3655 4407 3168 2487 3530
22 3581 8246 2604 4386 9777 7865 1302 5568 8892 2900 7809 1451 1606 9405 1565 347 712 8940 121 6184 1697 124
34 2711 3562 7343 276 9019 3907 7572 5376 9186 3784 9274 3813 9976 3546 1880 6811 1249 9047 8196 500 5335 6122 9114 8449 3713 5764 2393 7746 5633 769 4422 2809 4184 5885
34 8039 3361 4765 2858 9515 3118 3033 5228 2435 720 3304 6666 3286 1319 709 6908 2165 8329 1382 6146 7143 2596 6558 7716 1355 162 4176 3752 4450 2505 3697 4674 1001 3767
28 7576 4574 9492 8130 5102 8865 8913 3203 9457 3887 5976 5659 3315 239 5427 2759 9666 1828 8900 2827 9026 8075 5337 2731 8195 2670 2814 9015
26 8267 4214 1325 6177 1515 7239 6994 8263 204 8253 7830 2404 2546 3740 5150 6195 6568 542 7799 7220 3614 2510 4274 7801 3633 7649
27 9215 7205 9591 8080 2526 4104 7598 8904 9260 8318 3174 1244 1223 3939 2309 6789 4928 3964 8809 7139 9032 6901 4841 4354 9349 2016 9700
27 3145 5944 4944 1080 1795 5058 2574 1525 4652 8330 140 8925 1498 3941 2540 1977 7425 9512 6259 9479 8852 7523 2866 6305 1106 8470 6441
28 3153 8085 4980 5245 5377 9408 304 6049 6902 3905 358 995 3553 4825 5579 2576 48 8597 1173 3376 6249 8161 3600 9550 7595 4820 5897 4915
31 1764 7222 9202 9522 6234 9640 4788 4642 8235 8638 5603 7554 3705 4199 3692 3605 9734 8158 538 7433 5288 4491 4508 284 7354 7413 8376 5591 7747 9799 2451
27 7760 9538 1746 5206 2599 6718 9803 5218 7993 5704 9526 8769 5367 1135 4280 9830 1581 8626 410 3165 5286 1374 3800 1361 8070 9100 9192
31 7313 7720 5209 4458 8613 8575 7299 5424 8741 9554 8723 1431 2011 3314 1262 2981 9283 4814 9653 6775 342 4216 8101 1183 1108 37 105 8117 1446 8037 5988
29 654 4773 336 4 837 8201 9571 4315 1679 373 6191 6434 322 4919 2632 4139 8759 505 9641 8692 3809 1605 7263 6858 181 7741 561 6038 3808
30 1466 3452 4327 6113 706 682 5850 1888 6944 2832 1083 5429 1215 8426 5443 6565 8401 8707 8156 7067 765 6370 7658 7486 9069 4196 9828 4257 9838 2480
29 4616 9887 6001 9075 7384 7867 8046 3225 9395 8680 5023 5906 7076 564 9158 7620 7276 5956 5614 2246 3666 5469 8806 9206 7987 7583 9947 3279 9307
31 9211 750 4066 8678 8143 4034 5400 6255 2024 4703 3904 194 4460 6287 334 5200 5330 1068 6539 299 2321 5931 3395 317 5571 1543 587 4237 9782 2611 2507
29 2636 286 4236 4951 8624 7249 3731 2295 4858 7441 1121 2243 8191 6213 6253 7844 6451 2256 2034 595 1563 7160 1324 3294 2025 4381 9505 3202 8307
29 2993 7337 9568 1422 2343 3733 3332 941 1620 4929 8213 9029 1935 5417 1838 6111 2130 2945 4118 8331 5194 3017 7819 9193 3946 3589 1928 7908 7911
26 6891 2496 5595 3659 9806 3845 343 9565 9619 9327 9970 5964 3879 6895 9564 211 4086 5616 315 6659 7711 6136 7214 7885 531 960
31 5030 1030 839 3598 7707 3992 5542 1414 7227 6236 4174 3330 2153 5108 7702 9292 2219 4610 1073 1400 7366 7391 1372 8192 7119 4936 3779 8916 8771 8351 6216
34 7883 601 846 457 3339 747 9042 7985 1260 7773 5912 3243 4562 7703 1011 2948 2606 2833 7258 2893 733 8029 9509 3222 7710 9125 5414 3358 4593 4877 3041 3758 9802 2084
29 2563 2766 7871 2169 3405 8594 3079 8478 7981 4110 2909 2924 2020 924 8015 2464 234 5409 8276 4596 490 424 549 3357 7454 7659 1786 8218 6865
34 3256 724 688 687 9933 3932 6283 1961 5323 4015 2541 2477 5133 2028 1548 778 8337 6386 8094 1936 7882 9400 8960 9262 9875 2688 579 8104 1375 8516 2291 9995 5681 2783
34 9858 7606 6600 1250 2359 851 2233 6515 7767 3817 5347 5063 2500 3477 4477 367 6119 4509 7292 4070 8671 2259 9005 9396 6297 8069 7266 4173 2778 7791 806 9991 9403 3107
32 9872 8644 4349 9957 4797 7309 9797 7724 8471 8012 9456 8718 9648 7483 2511 7816 636 782 9796 2111 8034 4305 7634 2773 6986 2812 7923 5926 7029 8743 2957 5561
29 4759 256 4099 3283 1198 6309 8377 943 5530 4440 4092 9458 7623 6321 2475 8867 5688 4372 6604 4939 6144 5085 4646 5864 240 3083 371 7362 7234
34 8407 7708 8949 6445 6995 515 4795 93 8488 8274 8483 715 8616 6368 3695 4743 6772 6594 5187 5081 4609 1656 3549 438 2127 4024 1966 2392 948 6153 1255 8784 1738 9354
29 6669 4949 3665 281 8530 1715 443 1131 6990 8812 1693 7305 997 3368 4368 2869 5531 3754 6958 3097 6116 7073 1857 7618 2533 731 2189 282 5921
